Log file open, 06/20/19 20:43:43
LogWindows: Failed to load 'aqProf.dll' (GetLastError=126)
LogWindows: File 'aqProf.dll' does not exist
LogWindows: Failed to load 'VtuneApi.dll' (GetLastError=126)
LogWindows: File 'VtuneApi.dll' does not exist
LogWindows: Failed to load 'VtuneApi32e.dll' (GetLastError=126)
LogWindows: File 'VtuneApi32e.dll' does not exist
LogInit: Display: Running engine for game: UoP_GJ_ADPD
LogPlatformFile: Not using cached read wrapper
LogTaskGraph: Started task graph with 5 named threads and 14 total threads with 3 sets of task threads.
LogStats: Stats thread started at 1.076729
LogD3D11RHI: Loaded GFSDK_Aftermath_Lib.x64.dll
LogICUInternationalization: Display: ICU TimeZone Detection - Raw Offset: +0:00, Platform Override: ''
LogPluginManager: Mounting plugin Paper2D
LogPluginManager: Mounting plugin AISupport
LogPluginManager: Mounting plugin LightPropagationVolume
LogPluginManager: Mounting plugin CLionSourceCodeAccess
LogPluginManager: Mounting plugin CodeLiteSourceCodeAccess
LogPluginManager: Mounting plugin GitSourceControl
LogPluginManager: Mounting plugin KDevelopSourceCodeAccess
LogPluginManager: Mounting plugin NullSourceCodeAccess
LogPluginManager: Mounting plugin PerforceSourceControl
LogPluginManager: Mounting plugin SubversionSourceControl
LogPluginManager: Mounting plugin UObjectPlugin
LogPluginManager: Mounting plugin VisualStudioCodeSourceCodeAccess
LogPluginManager: Mounting plugin VisualStudioSourceCodeAccess
LogPluginManager: Mounting plugin XCodeSourceCodeAccess
LogPluginManager: Mounting plugin AssetManagerEditor
LogPluginManager: Mounting plugin CryptoKeys
LogPluginManager: Mounting plugin DataValidation
LogPluginManager: Mounting plugin FacialAnimation
LogPluginManager: Mounting plugin GameplayTagsEditor
LogPluginManager: Mounting plugin MacGraphicsSwitching
LogPluginManager: Mounting plugin MeshEditor
LogPluginManager: Mounting plugin MobileLauncherProfileWizard
LogPluginManager: Mounting plugin PluginBrowser
LogPluginManager: Mounting plugin SpeedTreeImporter
LogPluginManager: Mounting plugin DatasmithContent
LogPluginManager: Mounting plugin AlembicImporter
LogPluginManager: Mounting plugin AppleImageUtils
LogPluginManager: Mounting plugin AppleVision
LogPluginManager: Mounting plugin BackChannel
LogPluginManager: Mounting plugin CharacterAI
LogPluginManager: Mounting plugin GeometryCache
LogPluginManager: Mounting plugin HTML5Networking
LogPluginManager: Mounting plugin ProxyLODPlugin
LogPluginManager: Mounting plugin MagicLeap
LogPluginManager: Mounting plugin MagicLeapEmulator
LogPluginManager: Mounting plugin MagicLeapMedia
LogPluginManager: Mounting plugin AndroidMedia
LogPluginManager: Mounting plugin AvfMedia
LogPluginManager: Mounting plugin ImgMedia
LogPluginManager: Mounting plugin LinearTimecode
LogPluginManager: Mounting plugin MediaCompositing
LogPluginManager: Mounting plugin MediaPlayerEditor
LogPluginManager: Mounting plugin WmfMedia
LogPluginManager: Mounting plugin TcpMessaging
LogPluginManager: Mounting plugin UdpMessaging
LogPluginManager: Mounting plugin ActorSequence
LogPluginManager: Mounting plugin LevelSequenceEditor
LogPluginManager: Mounting plugin MatineeToLevelSequence
LogPluginManager: Mounting plugin NetcodeUnitTest
LogPluginManager: Mounting plugin NUTUnrealEngine4
LogPluginManager: Mounting plugin OnlineSubsystemGooglePlay
LogPluginManager: Mounting plugin OnlineSubsystemIOS
LogPluginManager: Mounting plugin OnlineSubsystem
LogPluginManager: Mounting plugin OnlineSubsystemNull
LogPluginManager: Mounting plugin OnlineSubsystemUtils
LogPluginManager: Mounting plugin LauncherChunkInstaller
LogPluginManager: Mounting plugin AndroidDeviceProfileSelector
LogPluginManager: Mounting plugin AndroidMoviePlayer
LogPluginManager: Mounting plugin AndroidPermission
LogPluginManager: Mounting plugin ApexDestruction
LogPluginManager: Mounting plugin AppleMoviePlayer
LogPluginManager: Mounting plugin ArchVisCharacter
LogPluginManager: Mounting plugin AudioCapture
LogPluginManager: Mounting plugin CableComponent
LogPluginManager: Mounting plugin CustomMeshComponent
LogPluginManager: Mounting plugin EditableMesh
LogPluginManager: Mounting plugin ExampleDeviceProfileSelector
LogPluginManager: Mounting plugin GoogleCloudMessaging
LogPluginManager: Mounting plugin ImmediatePhysics
LogPluginManager: Mounting plugin IOSDeviceProfileSelector
LogPluginManager: Mounting plugin LinuxDeviceProfileSelector
LogPluginManager: Mounting plugin LocationServicesBPLibrary
LogPluginManager: Mounting plugin MobilePatchingUtils
LogPluginManager: Mounting plugin OculusVR
LogPluginManager: Plugin shader directory ../../../Engine/Plugins/Runtime/Oculus/OculusVR/Shaders found
LogPluginManager: Mapping shader source directory ../../../Engine/Plugins/Runtime/Oculus/OculusVR/Shaders to virtual directory /Plugin/OculusVR
LogPluginManager: Mounting plugin PhysXVehicles
LogPluginManager: Mounting plugin ProceduralMeshComponent
LogPluginManager: Mounting plugin RuntimePhysXCooking
LogPluginManager: Mounting plugin SteamVR
LogPluginManager: Mounting plugin WindowsMoviePlayer
LogStreaming: Display: Took  2.090s to configure plugins.
LogInit: Using libcurl 7.55.1-DEV
LogInit:  - built for x86_64-pc-win32
LogInit:  - supports SSL with OpenSSL/1.0.2h
LogInit:  - supports HTTP deflate (compression) using libz 1.2.8
LogInit:  - other features:
LogInit:      CURL_VERSION_SSL
LogInit:      CURL_VERSION_LIBZ
LogInit:      CURL_VERSION_IPV6
LogInit:      CURL_VERSION_ASYNCHDNS
LogInit:      CURL_VERSION_LARGEFILE
LogInit:      CURL_VERSION_IDN
LogInit:  CurlRequestOptions (configurable via config and command line):
LogInit:  - bVerifyPeer = false  - Libcurl will NOT verify peer certificate
LogInit:  - bUseHttpProxy = false  - Libcurl will NOT use HTTP proxy
LogInit:  - bDontReuseConnections = false  - Libcurl will reuse connections
LogInit:  - CertBundlePath = nullptr  - Libcurl will use whatever was configured at build time.
LogInit:  - MaxHostConnections = 16  - Libcurl will limit the number of connections to a host
LogInit:  - LocalHostAddr = Default
LogInit:  - BufferSize = 65536
LogInit: WinSock: version 1.1 (2.2), MaxSocks=32767, MaxUdp=65467
LogHMD: Failed initializing OVRPlugin 1.25.0
LogInit: Build: ++UE4+Release-4.20-CL-4369336
LogInit: Engine Version: 4.20.3-4369336+++UE4+Release-4.20
LogInit: Compatible Engine Version: 4.20.0-4212847+++UE4+Release-4.20
LogInit: Net CL: 4212847
LogInit: OS: Windows 10 (), CPU: Intel(R) Core(TM) i5-4690K CPU @ 3.50GHz, GPU: NVIDIA GeForce GTX 970
LogInit: Compiled (64-bit): Sep 17 2018 12:26:19
LogInit: Compiled with Visual C++: 19.13.26129.00
LogInit: Build Configuration: Development
LogInit: Branch Name: ++UE4+Release-4.20
LogInit: Command Line:  
LogInit: Base Directory: F:/Epic Games/UE_4.20/Engine/Binaries/Win64/
LogInit: Installed Engine Build: 1
LogDevObjectVersion: Number of dev versions registered: 20
LogDevObjectVersion:   Dev-Blueprints (B0D832E4-1F89-4F0D-ACCF-7EB736FD4AA2): 10
LogDevObjectVersion:   Dev-Build (E1C64328-A22C-4D53-A36C-8E866417BD8C): 0
LogDevObjectVersion:   Dev-Core (375EC13C-06E4-48FB-B500-84F0262A717E): 2
LogDevObjectVersion:   Dev-Editor (E4B068ED-F494-42E9-A231-DA0B2E46BB41): 24
LogDevObjectVersion:   Dev-Framework (CFFC743F-43B0-4480-9391-14DF171D2073): 34
LogDevObjectVersion:   Dev-Mobile (B02B49B5-BB20-44E9-A304-32B752E40360): 2
LogDevObjectVersion:   Dev-Networking (A4E4105C-59A1-49B5-A7C5-40C4547EDFEE): 0
LogDevObjectVersion:   Dev-Online (39C831C9-5AE6-47DC-9A44-9C173E1C8E7C): 0
LogDevObjectVersion:   Dev-Physics (78F01B33-EBEA-4F98-B9B4-84EACCB95AA2): 0
LogDevObjectVersion:   Dev-Platform (6631380F-2D4D-43E0-8009-CF276956A95A): 0
LogDevObjectVersion:   Dev-Rendering (12F88B9F-8875-4AFC-A67C-D90C383ABD29): 26
LogDevObjectVersion:   Dev-Sequencer (7B5AE74C-D270-4C10-A958-57980B212A5A): 9
LogDevObjectVersion:   Dev-VR (D7296918-1DD6-4BDD-9DE2-64A83CC13884): 2
LogDevObjectVersion:   Dev-LoadTimes (C2A15278-BFE7-4AFE-6C17-90FF531DF755): 1
LogDevObjectVersion:   Private-Geometry (6EACA3D4-40EC-4CC1-B786-8BED09428FC5): 3
LogDevObjectVersion:   Dev-AnimPhys (29E575DD-E0A3-4627-9D10-D276232CDCEA): 17
LogDevObjectVersion:   Dev-ReflectionCapture (6B266CEC-1EC7-4B8F-A30B-E4D90942FC07): 1
LogDevObjectVersion:   Dev-Automation (0DF73D61-A23F-47EA-B727-89E90C41499A): 1
LogDevObjectVersion:   FortniteMain (601D1886-AC64-4F84-AA16-D3DE0DEAC7D6): 12
LogDevObjectVersion:   Dev-Enterprise (9DFFBCD6-494F-0158-E221-12823C92A888): 1
LogStreaming: Display: Took  0.070s to delete old logs.
LogInit: Presizing for max 8388607 objects, including 0 objects not considered by GC, pre-allocating 0 bytes for permanent pool.
LogInit: Object subsystem initialized
[2019.06.20-19.43.56:343][  0]LogInit: Selected Device Profile: [Windows]
[2019.06.20-19.43.56:368][  0]LogInit: Applying CVar settings loaded from the selected device profile: [Windows]
[2019.06.20-19.43.56:408][  0]LogHAL: Display: Platform has ~ 8 GB [8467021824 / 8589934592 / 8], which maps to Default [LargestMinGB=32, LargerMinGB=12, DefaultMinGB=8, SmallerMinGB=6, SmallestMinGB=0)
[2019.06.20-19.43.56:478][  0]LogInit: Setting Device Profile CVar: [[r.Vulkan.UseRealUBs:1]]
[2019.06.20-19.43.56:478][  0]LogInit: Going up to parent DeviceProfile []
[2019.06.20-19.43.56:548][  0]LogInit: Computer: THAI-PC
[2019.06.20-19.43.56:548][  0]LogInit: User: Thai
[2019.06.20-19.43.56:548][  0]LogInit: CPU Page size=4096, Cores=4
[2019.06.20-19.43.56:548][  0]LogInit: High frequency timer resolution =3.417987 MHz
[2019.06.20-19.43.56:548][  0]LogMemory: Memory total: Physical=7.9GB (8GB approx)
[2019.06.20-19.43.56:548][  0]LogMemory: Platform Memory Stats for Windows
[2019.06.20-19.43.56:548][  0]LogMemory: Process Physical Memory: 106.38 MB used, 106.38 MB peak
[2019.06.20-19.43.56:548][  0]LogMemory: Process Virtual Memory: 101.64 MB used, 101.64 MB peak
[2019.06.20-19.43.56:548][  0]LogMemory: Physical Memory: 6941.45 MB used,  1133.34 MB free, 8074.78 MB total
[2019.06.20-19.43.56:548][  0]LogMemory: Virtual Memory: 4653.66 MB used,  1133.34 MB free, 134217728.00 MB total
[2019.06.20-19.44.01:167][  0]LogInit: Using OS detected language (en-US).
[2019.06.20-19.44.01:167][  0]LogInit: Using OS detected locale (en-US).
[2019.06.20-19.44.01:365][  0]LogTextLocalizationManager: No specific localization for 'en-US' exists, so the 'en' localization will be used.
[2019.06.20-19.44.04:349][  0]LogStreaming: Display: Took  3.194s to InitEngineTextLocalization.
[2019.06.20-19.44.04:349][  0]LogInit: Setting process to per monitor DPI aware
[2019.06.20-19.44.06:432][  0]LogSlate: New Slate User Created.  User Index 0, Is Virtual User: 0
[2019.06.20-19.44.06:433][  0]LogSlate: Slate User Registered.  User Index 0, Is Virtual User: 0
[2019.06.20-19.44.24:425][  0]LogHMD: Failed to initialize OpenVR with code 126
[2019.06.20-19.44.24:481][  0]LogD3D11RHI: D3D11 adapters:
[2019.06.20-19.44.24:711][  0]LogD3D11RHI:    0. 'NVIDIA GeForce GTX 970' (Feature Level 11_0)
[2019.06.20-19.44.24:711][  0]LogD3D11RHI:       4043/0/4037 MB DedicatedVideo/DedicatedSystem/SharedSystem, Outputs:1, VendorId:0x10de
[2019.06.20-19.44.24:904][  0]LogD3D11RHI:    1. 'Intel(R) HD Graphics 4600' (Feature Level 11_0)
[2019.06.20-19.44.24:904][  0]LogD3D11RHI:       112/0/2048 MB DedicatedVideo/DedicatedSystem/SharedSystem, Outputs:1, VendorId:0x8086
[2019.06.20-19.44.24:906][  0]LogD3D11RHI:    2. 'Microsoft Basic Render Driver' (Feature Level 11_0)
[2019.06.20-19.44.24:906][  0]LogD3D11RHI:       0/0/4037 MB DedicatedVideo/DedicatedSystem/SharedSystem, Outputs:0, VendorId:0x1414
[2019.06.20-19.44.24:906][  0]LogD3D11RHI: Chosen D3D11 Adapter: 0
[2019.06.20-19.44.24:956][  0]LogD3D11RHI: Creating new Direct3DDevice
[2019.06.20-19.44.24:956][  0]LogD3D11RHI:     GPU DeviceId: 0x13c2 (for the marketing name, search the web for "GPU Device Id")
[2019.06.20-19.44.25:041][  0]LogWindows: EnumDisplayDevices:
[2019.06.20-19.44.25:041][  0]LogWindows:    0. 'NVIDIA GeForce GTX 970' (P:1 D:1)
[2019.06.20-19.44.25:042][  0]LogWindows:    1. 'NVIDIA GeForce GTX 970' (P:0 D:0)
[2019.06.20-19.44.25:042][  0]LogWindows:    2. 'NVIDIA GeForce GTX 970' (P:0 D:0)
[2019.06.20-19.44.25:043][  0]LogWindows:    3. 'NVIDIA GeForce GTX 970' (P:0 D:0)
[2019.06.20-19.44.25:043][  0]LogWindows:    4. 'Intel(R) HD Graphics 4600' (P:0 D:1)
[2019.06.20-19.44.25:043][  0]LogWindows:    5. 'Intel(R) HD Graphics 4600' (P:0 D:0)
[2019.06.20-19.44.25:044][  0]LogWindows:    6. 'Intel(R) HD Graphics 4600' (P:0 D:0)
[2019.06.20-19.44.25:044][  0]LogWindows: DebugString: PrimaryIsNotTheChoosenAdapter PrimaryIsNotTheChoosenAdapter PrimaryIsNotTheChoosenAdapter FoundDriverCount:4 
[2019.06.20-19.44.25:044][  0]LogD3D11RHI:     Adapter Name: NVIDIA GeForce GTX 970
[2019.06.20-19.44.25:081][  0]LogD3D11RHI:   Driver Version: 418.81 (internal:25.21.14.1881, unified:418.81)
[2019.06.20-19.44.25:081][  0]LogD3D11RHI:      Driver Date: 1-30-2019
[2019.06.20-19.44.25:081][  0]LogRHI: Texture pool is 2830 MB (70% of 4043 MB)
[2019.06.20-19.44.25:246][  0]LogD3D11RHI: Async texture creation enabled
[2019.06.20-19.44.26:489][  0]LogD3D11RHI: GPU Timing Frequency: 1000.000000 (Debug: 2 1)
[2019.06.20-19.44.27:811][  0]LogShaderCompilers: Guid format shader working directory is -3 characters bigger than the processId version (../../../../../GitHub/UOPGameJam2019/UoP_GJ_ADPD/Intermediate/Shaders/WorkingDirectory/7948/).
[2019.06.20-19.44.27:811][  0]LogShaderCompilers: Cleaned the shader compiler working directory 'C:/Users/Thai/AppData/Local/Temp/UnrealShaderWorkingDir/225D8D58452C1DDB03DC568580F1EA3B/'.
[2019.06.20-19.44.29:673][  0]LogTemp: Display: Loaded TP AllDesktopTargetPlatform
[2019.06.20-19.44.29:744][  0]LogTemp: Display: Loaded TP MacClientTargetPlatform
[2019.06.20-19.44.29:802][  0]LogTemp: Display: Loaded TP MacNoEditorTargetPlatform
[2019.06.20-19.44.29:933][  0]LogTemp: Display: Loaded TP MacServerTargetPlatform
[2019.06.20-19.44.30:321][  0]LogTemp: Display: Loaded TP MacTargetPlatform
[2019.06.20-19.44.30:521][  0]LogTemp: Display: Loaded TP WindowsClientTargetPlatform
[2019.06.20-19.44.30:571][  0]LogTemp: Display: Loaded TP WindowsNoEditorTargetPlatform
[2019.06.20-19.44.30:678][  0]LogTemp: Display: Loaded TP WindowsServerTargetPlatform
[2019.06.20-19.44.30:747][  0]LogTemp: Display: Loaded TP WindowsTargetPlatform
[2019.06.20-19.44.31:097][  0]LogTemp: Display: Loaded TP AndroidTargetPlatform
[2019.06.20-19.44.31:097][  0]LogTemp: Display: Loaded TP AndroidTargetPlatform
[2019.06.20-19.44.31:097][  0]LogTemp: Display: Loaded TP AndroidTargetPlatform
[2019.06.20-19.44.31:097][  0]LogTemp: Display: Loaded TP AndroidTargetPlatform
[2019.06.20-19.44.31:097][  0]LogTemp: Display: Loaded TP AndroidTargetPlatform
[2019.06.20-19.44.31:097][  0]LogTemp: Display: Loaded TP AndroidTargetPlatform
[2019.06.20-19.44.31:097][  0]LogTemp: Display: Loaded TP AndroidTargetPlatform
[2019.06.20-19.44.31:097][  0]LogTemp: Display: Loaded TP AndroidTargetPlatform
[2019.06.20-19.44.31:097][  0]LogTemp: Display: Loaded TP AndroidTargetPlatform
[2019.06.20-19.44.31:097][  0]LogTemp: Display: Loaded TP AndroidTargetPlatform
[2019.06.20-19.44.31:097][  0]LogTemp: Display: Loaded TP AndroidTargetPlatform
[2019.06.20-19.44.31:097][  0]LogTemp: Display: Loaded TP AndroidTargetPlatform
[2019.06.20-19.44.31:097][  0]LogTemp: Display: Loaded TP AndroidTargetPlatform
[2019.06.20-19.44.31:097][  0]LogTemp: Display: Loaded TP AndroidTargetPlatform
[2019.06.20-19.44.31:097][  0]LogTemp: Display: Loaded TP AndroidTargetPlatform
[2019.06.20-19.44.31:097][  0]LogTemp: Display: Loaded TP AndroidTargetPlatform
[2019.06.20-19.44.31:097][  0]LogTemp: Display: Loaded TP AndroidTargetPlatform
[2019.06.20-19.44.31:097][  0]LogTemp: Display: Loaded TP AndroidTargetPlatform
[2019.06.20-19.44.31:238][  0]LogTemp: Display: Loaded TP HTML5TargetPlatform
[2019.06.20-19.44.31:566][  0]LogTemp: Display: Loaded TP IOSTargetPlatform
[2019.06.20-19.44.31:566][  0]LogTemp: Display: Loaded TP IOSTargetPlatform
[2019.06.20-19.44.31:633][  0]LogTemp: Display: Loaded TP TVOSTargetPlatform
[2019.06.20-19.44.31:633][  0]LogTemp: Display: Loaded TP TVOSTargetPlatform
[2019.06.20-19.44.32:149][  0]LogTemp: Display: Loaded TP LinuxClientTargetPlatform
[2019.06.20-19.44.32:296][  0]LogTemp: Display: Loaded TP LinuxNoEditorTargetPlatform
[2019.06.20-19.44.32:536][  0]LogTemp: Display: Loaded TP LinuxServerTargetPlatform
[2019.06.20-19.44.32:774][  0]LogTemp: Display: Loaded TP LinuxTargetPlatform
[2019.06.20-19.44.32:933][  0]LogTemp: Display: Loaded TP LuminTargetPlatform
[2019.06.20-19.44.32:933][  0]LogTargetPlatformManager: Display: Building Assets For Windows
[2019.06.20-19.44.35:590][  0]LogXGEController: Cannot use XGE Controller as Incredibuild is not installed on this machine.
[2019.06.20-19.44.35:590][  0]LogShaderCompilers: Cannot use XGE Shader Compiler as Incredibuild is not installed on this machine.
[2019.06.20-19.44.35:591][  0]LogShaderCompilers: Display: Using Local Shader Compiler.
[2019.06.20-19.44.51:393][  0]LogDerivedDataCache: Display: Max Cache Size: 512 MB
[2019.06.20-19.44.51:915][  0]LogDerivedDataCache: Loaded boot cache 0.52s 71MB C:/Users/Thai/AppData/Local/UnrealEngine/4.20/DerivedDataCache/Boot.ddc.
[2019.06.20-19.44.51:916][  0]LogDerivedDataCache: Display: Loaded Boot cache: C:/Users/Thai/AppData/Local/UnrealEngine/4.20/DerivedDataCache/Boot.ddc
[2019.06.20-19.44.51:916][  0]LogDerivedDataCache: FDerivedDataBackendGraph:  Pak pak cache file ../../../../../GitHub/UOPGameJam2019/UoP_GJ_ADPD/DerivedDataCache/DDC.ddp not found, will not use a pak cache.
[2019.06.20-19.44.51:916][  0]LogDerivedDataCache: Unable to find inner node Pak for hierarchical cache Hierarchy.
[2019.06.20-19.44.51:916][  0]LogDerivedDataCache: FDerivedDataBackendGraph:  CompressedPak pak cache file ../../../../../GitHub/UOPGameJam2019/UoP_GJ_ADPD/DerivedDataCache/Compressed.ddp not found, will not use a pak cache.
[2019.06.20-19.44.51:916][  0]LogDerivedDataCache: Unable to find inner node CompressedPak for hierarchical cache Hierarchy.
[2019.06.20-19.44.52:081][  0]LogDerivedDataCache: Display: Pak cache opened for reading ../../../Engine/DerivedDataCache/Compressed.ddp.
[2019.06.20-19.44.52:095][  0]LogDerivedDataCache: Using Local data cache path C:/Users/Thai/AppData/Local/UnrealEngine/Common/DerivedDataCache: Writable
[2019.06.20-19.44.52:095][  0]LogDerivedDataCache: Shared data cache path not found in *engine.ini, will not use an Shared cache.
[2019.06.20-19.44.52:095][  0]LogDerivedDataCache: Unable to find inner node Shared for hierarchical cache Hierarchy.
[2019.06.20-19.44.52:310][  0]LogMaterial: Verifying Global Shaders for PCD3D_SM5
[2019.06.20-19.44.52:493][  0]LogSlate: Using FreeType 2.6.0
[2019.06.20-19.44.52:778][  0]LogSlate: SlateFontServices - WITH_FREETYPE: 1, WITH_HARFBUZZ: 1
[2019.06.20-19.44.56:653][  0]LogAssetRegistry: FAssetRegistry took 0.2916 seconds to start up
[2019.06.20-19.45.06:460][  0]LogInit: Selected Device Profile: [Windows]
[2019.06.20-19.45.08:937][  0]LogSimplygon: Simplygon DLL not present - disabling.
[2019.06.20-19.45.08:998][  0]LogMeshReduction: Using SimplygonSwarm for distributed automatic mesh merging
[2019.06.20-19.45.08:998][  0]LogMeshReduction: Using ProxyLODMeshReduction for automatic mesh merging
[2019.06.20-19.45.08:999][  0]LogMeshReduction: Using QuadricMeshReduction for automatic static mesh reduction
[2019.06.20-19.45.08:999][  0]LogMeshReduction: No automatic skeletal mesh reduction module available
[2019.06.20-19.45.09:451][  0]LogNetVersion: UoP_GJ_ADPD 1.0.0, NetCL: 4212847, EngineNetVer: 5, GameNetVer: 0 (Checksum: 1957226317)
[2019.06.20-19.45.14:637][  0]LogPackageLocalizationCache: Processed 11 localized package path(s) for 2 prioritized culture(s) in 0.190565 seconds
[2019.06.20-19.45.14:740][  0]LogUObjectArray: 38425 objects as part of root set at end of initial load.
[2019.06.20-19.45.14:740][  0]LogUObjectAllocator: 6690872 out of 0 bytes used by permanent object pool.
[2019.06.20-19.45.14:740][  0]LogUObjectArray: CloseDisregardForGC: 0/0 objects in disregard for GC pool
[2019.06.20-19.45.30:408][  0]LogTcpMessaging: Initializing TcpMessaging bridge
[2019.06.20-19.45.30:435][  0]LogUdpMessaging: Initializing bridge on interface 0.0.0.0:0 to multicast group 230.0.0.1:6666.
[2019.06.20-19.45.31:698][  0]SourceControl: Source control is disabled
[2019.06.20-19.45.31:698][  0]SourceControl: Source control is disabled
[2019.06.20-19.45.31:777][  0]SourceControl: Source control is disabled
[2019.06.20-19.45.31:795][  0]SourceControl: Source control is disabled
[2019.06.20-19.45.32:737][  0]LogAndroidPermission: UAndroidPermissionCallbackProxy::GetInstance
[2019.06.20-19.45.33:021][  0]LogOcInput: OculusInput pre-init called
[2019.06.20-19.45.33:563][  0]LogEngine: Initializing Engine...
[2019.06.20-19.45.33:624][  0]LogHMD: Failed to initialize OpenVR with code 126
[2019.06.20-19.45.33:673][  0]LogStats: UGameplayTagsManager::ConstructGameplayTagTree: ImportINI prefixes -  0.000 s
[2019.06.20-19.45.33:673][  0]LogStats: UGameplayTagsManager::ConstructGameplayTagTree: Construct from data asset -  0.000 s
[2019.06.20-19.45.33:674][  0]LogStats: UGameplayTagsManager::ConstructGameplayTagTree: ImportINI -  0.000 s
[2019.06.20-19.45.33:674][  0]LogStats: UGameplayTagsManager::ConstructGameplayTagTree: GameplayTagTreeChangedEvent.Broadcast -  0.000 s
[2019.06.20-19.45.34:346][  0]LogInit: Initializing FReadOnlyCVARCache
[2019.06.20-19.45.34:538][  0]LogAIModule: Creating AISystem for world Untitled
[2019.06.20-19.45.34:706][  0]LogInit: XAudio2 using 'Speakers (Realtek High Definition Audio)' : 2 channels at 48 kHz using 32 bits per sample (channel mask 0x3)
[2019.06.20-19.45.34:735][  0]LogInit: FAudioDevice initialized.
[2019.06.20-19.45.34:735][  0]LogNetVersion: Set ProjectVersion to 1.0.0.0. Version Checksum will be recalculated on next use.
[2019.06.20-19.45.34:894][  0]LogDerivedDataCache: Saved boot cache 0.16s 71MB C:/Users/Thai/AppData/Local/UnrealEngine/4.20/DerivedDataCache/Boot.ddc.
[2019.06.20-19.45.34:908][  0]LogInit: Texture streaming: Enabled
[2019.06.20-19.45.35:021][  0]LogEngineSessionManager: EngineSessionManager initialized
[2019.06.20-19.45.35:135][  0]LogInit: Transaction tracking system initialized
[2019.06.20-19.45.35:475][  0]BlueprintLog: New page: Editor Load
[2019.06.20-19.45.36:149][  0]LocalizationService: Localization service is disabled
[2019.06.20-19.45.38:818][  0]LogFileCache: Scanning file cache for directory 'F:/GitHub/UOPGameJam2019/UoP_GJ_ADPD/Content/' took 0.03s
[2019.06.20-19.45.38:818][  0]LogCook: Display: Max memory allowance for cook 16384mb min free memory 0mb
[2019.06.20-19.45.38:818][  0]LogCook: Display: Mobile HDR setting 1
[2019.06.20-19.45.38:838][  0]LogGameplayTags: Display: UGameplayTagsManager::DoneAddingNativeTags. DelegateIsBound: 0
[2019.06.20-19.45.38:838][  0]LogStats: UGameplayTagsManager::ConstructGameplayTagTree: ImportINI prefixes -  0.000 s
[2019.06.20-19.45.38:838][  0]LogStats: UGameplayTagsManager::ConstructGameplayTagTree: Construct from data asset -  0.000 s
[2019.06.20-19.45.38:839][  0]LogStats: UGameplayTagsManager::ConstructGameplayTagTree: ImportINI -  0.000 s
[2019.06.20-19.45.38:839][  0]LogStats: UGameplayTagsManager::ConstructGameplayTagTree: GameplayTagTreeChangedEvent.Broadcast -  0.000 s
[2019.06.20-19.45.41:314][  0]SourceControl: Source control is disabled
[2019.06.20-19.45.41:326][  0]Cmd: MAP LOAD FILE="../../../../../GitHub/UOPGameJam2019/UoP_GJ_ADPD/Content/TopDownBP/Maps/TopDownExampleMap.umap" TEMPLATE=0 SHOWPROGRESS=1 FEATURELEVEL=3
[2019.06.20-19.45.41:334][  0]LightingResults: New page: Lighting Build
[2019.06.20-19.45.41:423][  0]MapCheck: New page: Map Check
[2019.06.20-19.45.41:423][  0]LightingResults: New page: Lighting Build
[2019.06.20-19.45.46:565][  0]LogAIModule: Creating AISystem for world TopDownExampleMap
[2019.06.20-19.45.47:950][  0]LogEditorServer: Finished looking for orphan Actors (0.000 secs)
[2019.06.20-19.45.48:054][  0]Cmd: MAP CHECKDEP NOCLEARLOG
[2019.06.20-19.45.48:192][  0]MapCheck: Map check complete: 0 Error(s), 0 Warning(s), took 137.707ms to complete.
[2019.06.20-19.45.48:200][  0]LogFileHelpers: Loading map 'TopDownExampleMap' took 6.874
[2019.06.20-19.45.48:774][  0]LogSlate: Updating window title bar state: overlay mode, drag disabled, window buttons hidden, title bar hidden
[2019.06.20-19.45.48:781][  0]LogSlate: Updating window title bar state: overlay mode, drag disabled, window buttons hidden, title bar hidden
[2019.06.20-19.45.48:788][  0]LogSlate: Updating window title bar state: overlay mode, drag disabled, window buttons hidden, title bar hidden
[2019.06.20-19.45.48:795][  0]LogSlate: Updating window title bar state: overlay mode, drag disabled, window buttons hidden, title bar hidden
[2019.06.20-19.45.49:177][  0]LogCollectionManager: Loaded 0 collections in 0.002212 seconds
[2019.06.20-19.45.49:403][  0]LogFileCache: Scanning file cache for directory 'F:/GitHub/UOPGameJam2019/UoP_GJ_ADPD/Saved/Collections/' took 0.01s
[2019.06.20-19.45.49:403][  0]LogFileCache: Scanning file cache for directory 'F:/GitHub/UOPGameJam2019/UoP_GJ_ADPD/Content/Developers/Thai/Collections/' took 0.01s
[2019.06.20-19.45.49:403][  0]LogFileCache: Scanning file cache for directory 'F:/GitHub/UOPGameJam2019/UoP_GJ_ADPD/Content/Collections/' took 0.01s
[2019.06.20-19.45.49:404][  0]LogCollectionManager: Rebuilt the GUID cache for 0 collections in 0.000000 seconds
[2019.06.20-19.45.49:413][  0]LogContentBrowser: Native class hierarchy populated in 0.0091 seconds. Added 2581 classes and 608 folders.
[2019.06.20-19.45.49:481][  0]LogContentBrowser: Native class hierarchy updated for 'WidgetCarousel' in 0.0002 seconds. Added 0 classes and 0 folders.
[2019.06.20-19.45.52:897][  0]LogContentBrowser: Native class hierarchy updated for 'AddContentDialog' in 0.0003 seconds. Added 0 classes and 0 folders.
[2019.06.20-19.45.52:941][  0]LogContentBrowser: Native class hierarchy updated for 'SceneOutliner' in 0.0003 seconds. Added 1 classes and 2 folders.
[2019.06.20-19.45.53:685][  0]LogSlate: Took 0.011475 seconds to synchronously load lazily loaded font '../../../Engine/Content/Slate/Fonts/Roboto-Regular.ttf' (155K)
[2019.06.20-19.45.53:691][  0]LogSlate: Took 0.005113 seconds to synchronously load lazily loaded font '../../../Engine/Content/Slate/Fonts/Roboto-Bold.ttf' (160K)
[2019.06.20-19.45.53:728][  0]LogSlate: Took 0.013090 seconds to synchronously load lazily loaded font '../../../Engine/Content/Editor/Slate/Fonts/FontAwesome.ttf' (139K)
[2019.06.20-19.45.54:207][  0]LogRenderer: Reallocating scene render targets to support 1208x680 Format 9 NumSamples 1 (Frame:1).
[2019.06.20-19.45.54:536][  0]LogSlate: Took 0.012272 seconds to synchronously load lazily loaded font '../../../Engine/Content/Slate/Fonts/Roboto-Light.ttf' (167K)
[2019.06.20-19.45.54:685][  0]LogContentBrowser: Native class hierarchy updated for 'HierarchicalLODOutliner' in 0.0003 seconds. Added 0 classes and 0 folders.
[2019.06.20-19.45.54:685][  0]LogLoad: (Engine Initialization) Total time: 179.10 seconds
[2019.06.20-19.45.54:685][  0]LogLoad: (Engine Initialization) Total Blueprint compile time: 0.00 seconds
[2019.06.20-19.45.54:859][  0]LogContentStreaming: Texture pool size now 800 MB
[2019.06.20-19.45.55:257][  2]LogAssetRegistry: Asset discovery search completed in 58.7125 seconds
[2019.06.20-19.45.55:260][  2]LogCollectionManager: Rebuilt the object cache for 0 collections in 0.000000 seconds (found 0 objects)
[2019.06.20-19.45.55:260][  2]LogCollectionManager: Fixed up redirectors for 0 collections in 0.000085 seconds (updated 0 objects)
[2019.06.20-19.45.58:123][ 56]LogSlate: FSceneViewport::OnFocusLost() reason 0
[2019.06.20-19.45.58:327][ 65]LogSlate: Window 'UoP_GJ_ADPD - Unreal Editor' being destroyed
[2019.06.20-19.45.58:328][ 65]LogWindowsTextInputMethodSystem: Display: IME system now deactivated.
[2019.06.20-19.45.58:532][ 66]Cmd: QUIT_EDITOR
[2019.06.20-19.45.58:563][ 66]LogExit: Preparing to exit.
[2019.06.20-19.45.59:588][ 66]LogExit: Editor shut down
[2019.06.20-19.45.59:589][ 66]LogExit: Transaction tracking system shut down
[2019.06.20-19.46.00:173][ 66]LogExit: Object subsystem successfully closed.
[2019.06.20-19.46.00:192][ 66]LogShaderCompilers: Display: Shaders left to compile 0
[2019.06.20-19.46.00:197][ 66]LogD3D11RHI: Shutdown
[2019.06.20-19.46.00:197][ 66]LogD3D11RHI: CleanupD3DDevice
[2019.06.20-19.46.00:202][ 66]LogD3D11RHI: ~FD3D11DynamicRHI
[2019.06.20-19.46.00:216][ 66]LogModuleManager: Shutting down and abandoning module HierarchicalLODOutliner (614)
[2019.06.20-19.46.00:216][ 66]LogModuleManager: Shutting down and abandoning module SceneOutliner (612)
[2019.06.20-19.46.00:216][ 66]LogModuleManager: Shutting down and abandoning module AddContentDialog (610)
[2019.06.20-19.46.00:216][ 66]LogModuleManager: Shutting down and abandoning module WidgetCarousel (609)
[2019.06.20-19.46.00:216][ 66]LogModuleManager: Shutting down and abandoning module EditorWidgets (606)
[2019.06.20-19.46.00:216][ 66]LogModuleManager: Shutting down and abandoning module CollectionManager (604)
[2019.06.20-19.46.00:217][ 66]LogModuleManager: Shutting down and abandoning module StatsViewer (602)
[2019.06.20-19.46.00:217][ 66]LogModuleManager: Shutting down and abandoning module FoliageEdit (600)
[2019.06.20-19.46.00:217][ 66]LogModuleManager: Shutting down and abandoning module LandscapeEditor (598)
[2019.06.20-19.46.00:217][ 66]LogModuleManager: Shutting down and abandoning module MeshPaintMode (596)
[2019.06.20-19.46.00:217][ 66]LogModuleManager: Shutting down and abandoning module SceneDepthPickerMode (594)
[2019.06.20-19.46.00:217][ 66]LogModuleManager: Shutting down and abandoning module ActorPickerMode (592)
[2019.06.20-19.46.00:217][ 66]LogModuleManager: Shutting down and abandoning module GeometryMode (590)
[2019.06.20-19.46.00:217][ 66]LogModuleManager: Shutting down and abandoning module TextureAlignMode (588)
[2019.06.20-19.46.00:217][ 66]LogModuleManager: Shutting down and abandoning module BspMode (586)
[2019.06.20-19.46.00:217][ 66]LogModuleManager: Shutting down and abandoning module PIEPreviewDeviceProfileSelector (584)
[2019.06.20-19.46.00:217][ 66]LogModuleManager: Shutting down and abandoning module SequenceRecorderSections (582)
[2019.06.20-19.46.00:217][ 66]LogModuleManager: Shutting down and abandoning module AutomationWorker (580)
[2019.06.20-19.46.00:217][ 66]LogModuleManager: Shutting down and abandoning module AudioCaptureEditor (578)
[2019.06.20-19.46.00:217][ 66]LogModuleManager: Shutting down and abandoning module SequenceRecorder (577)
[2019.06.20-19.46.00:217][ 66]LogModuleManager: Shutting down and abandoning module MatineeToLevelSequence (574)
[2019.06.20-19.46.00:217][ 66]LogModuleManager: Shutting down and abandoning module LevelSequenceEditor (572)
[2019.06.20-19.46.00:217][ 66]LogModuleManager: Shutting down and abandoning module PlacementMode (571)
[2019.06.20-19.46.00:217][ 66]LogModuleManager: Shutting down and abandoning module MaterialEditor (570)
[2019.06.20-19.46.00:217][ 66]LogModuleManager: Shutting down and abandoning module WmfMediaFactory (566)
[2019.06.20-19.46.00:217][ 66]LogModuleManager: Shutting down and abandoning module WmfMediaEditor (564)
[2019.06.20-19.46.00:217][ 66]LogModuleManager: Shutting down and abandoning module MediaPlayerEditor (562)
[2019.06.20-19.46.00:217][ 66]LogModuleManager: Shutting down and abandoning module OpenExrWrapper (560)
[2019.06.20-19.46.00:217][ 66]LogModuleManager: Shutting down and abandoning module ImgMediaFactory (558)
[2019.06.20-19.46.00:217][ 66]LogModuleManager: Shutting down and abandoning module ImgMediaEditor (556)
[2019.06.20-19.46.00:217][ 66]LogModuleManager: Shutting down and abandoning module AvfMediaFactory (554)
[2019.06.20-19.46.00:217][ 66]LogModuleManager: Shutting down and abandoning module AvfMediaEditor (552)
[2019.06.20-19.46.00:217][ 66]LogModuleManager: Shutting down and abandoning module AndroidMediaFactory (550)
[2019.06.20-19.46.00:217][ 66]LogModuleManager: Shutting down and abandoning module AndroidMediaEditor (548)
[2019.06.20-19.46.00:218][ 66]LogModuleManager: Shutting down and abandoning module MagicLeapCameraPreviewFactory (546)
[2019.06.20-19.46.00:218][ 66]LogModuleManager: Shutting down and abandoning module MagicLeapMediaFactory (544)
[2019.06.20-19.46.00:218][ 66]LogModuleManager: Shutting down and abandoning module MagicLeapMediaEditor (542)
[2019.06.20-19.46.00:218][ 66]LogModuleManager: Shutting down and abandoning module CharacterAI (540)
[2019.06.20-19.46.00:218][ 66]LogModuleManager: Shutting down and abandoning module SmartSnapping (538)
[2019.06.20-19.46.00:218][ 66]LogModuleManager: Shutting down and abandoning module SessionServices (536)
[2019.06.20-19.46.00:218][ 66]LogModuleManager: Shutting down and abandoning module ViewportSnapping (534)
[2019.06.20-19.46.00:218][ 66]LogModuleManager: Shutting down and abandoning module ViewportInteraction (532)
[2019.06.20-19.46.00:218][ 66]LogModuleManager: Shutting down and abandoning module ClothPainter (530)
[2019.06.20-19.46.00:218][ 66]LogModuleManager: Shutting down and abandoning module SkeletalMeshEditor (529)
[2019.06.20-19.46.00:218][ 66]LogModuleManager: Shutting down and abandoning module LogVisualizer (526)
[2019.06.20-19.46.00:218][ 66]LogModuleManager: Shutting down and abandoning module IntroTutorials (524)
[2019.06.20-19.46.00:218][ 66]LogModuleManager: Shutting down and abandoning module GameProjectGeneration (523)
[2019.06.20-19.46.00:218][ 66]LogModuleManager: Shutting down and abandoning module LuminPlatformEditor (520)
[2019.06.20-19.46.00:218][ 66]LogModuleManager: Shutting down and abandoning module IOSPlatformEditor (518)
[2019.06.20-19.46.00:218][ 66]LogModuleManager: Shutting down and abandoning module HTML5PlatformEditor (516)
[2019.06.20-19.46.00:218][ 66]LogModuleManager: Shutting down and abandoning module AndroidPlatformEditor (514)
[2019.06.20-19.46.00:218][ 66]LogModuleManager: Shutting down and abandoning module AndroidDeviceDetection (513)
[2019.06.20-19.46.00:402][ 66]LogModuleManager: Shutting down and abandoning module WindowsPlatformEditor (510)
[2019.06.20-19.46.00:402][ 66]LogModuleManager: Shutting down and abandoning module LuminRuntimeSettings (508)
[2019.06.20-19.46.00:402][ 66]LogModuleManager: Shutting down and abandoning module IOSRuntimeSettings (506)
[2019.06.20-19.46.00:402][ 66]LogModuleManager: Shutting down and abandoning module AndroidRuntimeSettings (504)
[2019.06.20-19.46.00:402][ 66]LogModuleManager: Shutting down and abandoning module InputBindingEditor (502)
[2019.06.20-19.46.00:402][ 66]LogModuleManager: Shutting down and abandoning module MergeActors (500)
[2019.06.20-19.46.00:402][ 66]LogModuleManager: Shutting down and abandoning module LocalizationDashboard (498)
[2019.06.20-19.46.00:402][ 66]LogModuleManager: Shutting down and abandoning module LocalizationService (497)
[2019.06.20-19.46.00:402][ 66]LogModuleManager: Shutting down and abandoning module HardwareTargeting (494)
[2019.06.20-19.46.00:402][ 66]LogModuleManager: Shutting down and abandoning module DeviceProfileEditor (492)
[2019.06.20-19.46.00:402][ 66]LogModuleManager: Shutting down and abandoning module UndoHistory (490)
[2019.06.20-19.46.00:403][ 66]LogModuleManager: Shutting down and abandoning module XmlParser (488)
[2019.06.20-19.46.00:403][ 66]LogModuleManager: Shutting down and abandoning module Blutility (486)
[2019.06.20-19.46.00:403][ 66]LogModuleManager: Shutting down and abandoning module ProjectSettingsViewer (484)
[2019.06.20-19.46.00:403][ 66]LogModuleManager: Shutting down and abandoning module ProjectTargetPlatformEditor (483)
[2019.06.20-19.46.00:403][ 66]LogModuleManager: Shutting down and abandoning module EditorSettingsViewer (480)
[2019.06.20-19.46.00:403][ 66]LogModuleManager: Shutting down and abandoning module SettingsEditor (478)
[2019.06.20-19.46.00:403][ 66]LogModuleManager: Shutting down and abandoning module ProjectLauncher (476)
[2019.06.20-19.46.00:403][ 66]LogModuleManager: Shutting down and abandoning module SessionFrontend (474)
[2019.06.20-19.46.00:403][ 66]LogModuleManager: Shutting down and abandoning module ProfilerClient (472)
[2019.06.20-19.46.00:403][ 66]LogModuleManager: Shutting down and abandoning module DeviceManager (470)
[2019.06.20-19.46.00:403][ 66]LogModuleManager: Shutting down and abandoning module TargetDeviceServices (469)
[2019.06.20-19.46.00:458][ 66]LogModuleManager: Shutting down and abandoning module AutomationController (466)
[2019.06.20-19.46.00:458][ 66]LogModuleManager: Shutting down and abandoning module AutomationWindow (464)
[2019.06.20-19.46.00:458][ 66]LogModuleManager: Shutting down and abandoning module Layers (462)
[2019.06.20-19.46.00:458][ 66]LogModuleManager: Shutting down and abandoning module ComponentVisualizers (460)
[2019.06.20-19.46.00:458][ 66]LogModuleManager: Shutting down and abandoning module DetailCustomizations (458)
[2019.06.20-19.46.00:458][ 66]LogModuleManager: Shutting down and abandoning module PackagesDialog (456)
[2019.06.20-19.46.00:458][ 66]LogModuleManager: Shutting down and abandoning module Persona (454)
[2019.06.20-19.46.00:458][ 66]LogModuleManager: Shutting down and abandoning module AdvancedPreviewScene (453)
[2019.06.20-19.46.00:458][ 66]LogModuleManager: Shutting down and abandoning module AnimGraph (451)
[2019.06.20-19.46.00:458][ 66]LogModuleManager: Shutting down and abandoning module Kismet (448)
[2019.06.20-19.46.00:459][ 66]LogModuleManager: Shutting down and abandoning module GraphEditor (446)
[2019.06.20-19.46.00:459][ 66]LogModuleManager: Shutting down and abandoning module ClassViewer (444)
[2019.06.20-19.46.00:459][ 66]LogModuleManager: Shutting down and abandoning module Toolbox (442)
[2019.06.20-19.46.00:459][ 66]LogModuleManager: Shutting down and abandoning module ModuleUI (440)
[2019.06.20-19.46.00:459][ 66]LogModuleManager: Shutting down and abandoning module MovieSceneTools (438)
[2019.06.20-19.46.00:459][ 66]LogModuleManager: Shutting down and abandoning module OutputLog (436)
[2019.06.20-19.46.00:459][ 66]LogModuleManager: Shutting down and abandoning module GammaUI (434)
[2019.06.20-19.46.00:459][ 66]LogModuleManager: Shutting down and abandoning module Documentation (432)
[2019.06.20-19.46.00:459][ 66]LogModuleManager: Shutting down and abandoning module MovieSceneTracks (430)
[2019.06.20-19.46.00:459][ 66]LogModuleManager: Shutting down and abandoning module MovieScene (428)
[2019.06.20-19.46.00:459][ 66]LogModuleManager: Shutting down and abandoning module StreamingPauseRendering (426)
[2019.06.20-19.46.00:459][ 66]LogModuleManager: Shutting down and abandoning module LauncherPlatform (424)
[2019.06.20-19.46.00:459][ 66]LogModuleManager: Shutting down and abandoning module AnalyticsET (422)
[2019.06.20-19.46.00:459][ 66]LogModuleManager: Shutting down and abandoning module PortalServices (420)
[2019.06.20-19.46.00:459][ 66]LogModuleManager: Shutting down and abandoning module PortalRpc (418)
[2019.06.20-19.46.00:459][ 66]LogModuleManager: Shutting down and abandoning module MessagingRpc (416)
[2019.06.20-19.46.00:459][ 66]LogModuleManager: Shutting down and abandoning module AIModule (414)
[2019.06.20-19.46.00:459][ 66]LogModuleManager: Shutting down and abandoning module GameplayDebugger (413)
[2019.06.20-19.46.00:459][ 66]LogModuleManager: Shutting down and abandoning module AITestSuite (411)
[2019.06.20-19.46.00:460][ 66]LogModuleManager: Shutting down and abandoning module NavigationSystem (409)
[2019.06.20-19.46.00:460][ 66]LogModuleManager: Shutting down and abandoning module DesktopPlatform (406)
[2019.06.20-19.46.00:460][ 66]LogModuleManager: Shutting down and abandoning module ProfilerService (404)
[2019.06.20-19.46.00:581][ 66]LogModuleManager: Shutting down and abandoning module TaskGraph (402)
[2019.06.20-19.46.00:581][ 66]LogModuleManager: Shutting down and abandoning module SteamVRController (400)
[2019.06.20-19.46.00:581][ 66]LogModuleManager: Shutting down and abandoning module ProceduralMeshComponentEditor (398)
[2019.06.20-19.46.00:581][ 66]LogModuleManager: Shutting down and abandoning module ProceduralMeshComponent (396)
[2019.06.20-19.46.00:581][ 66]LogModuleManager: Shutting down and abandoning module OculusInput (394)
[2019.06.20-19.46.00:581][ 66]LogModuleManager: Shutting down and abandoning module MobilePatchingUtils (392)
[2019.06.20-19.46.00:581][ 66]LogModuleManager: Shutting down and abandoning module EditableMesh (390)
[2019.06.20-19.46.00:581][ 66]LogModuleManager: Shutting down and abandoning module CustomMeshComponent (388)
[2019.06.20-19.46.00:581][ 66]LogModuleManager: Shutting down and abandoning module CableComponent (386)
[2019.06.20-19.46.00:581][ 66]LogModuleManager: Shutting down and abandoning module AudioCapture (384)
[2019.06.20-19.46.00:581][ 66]LogModuleManager: Shutting down and abandoning module ArchVisCharacter (382)
[2019.06.20-19.46.00:581][ 66]LogModuleManager: Shutting down and abandoning module AndroidPermission (380)
[2019.06.20-19.46.00:581][ 66]LogModuleManager: Shutting down and abandoning module NUTUnrealEngine4 (378)
[2019.06.20-19.46.00:581][ 66]LogModuleManager: Shutting down and abandoning module NetcodeUnitTest (376)
[2019.06.20-19.46.00:582][ 66]LogModuleManager: Shutting down and abandoning module MediaCompositingEditor (374)
[2019.06.20-19.46.00:582][ 66]LogModuleManager: Shutting down and abandoning module MediaCompositing (372)
[2019.06.20-19.46.00:582][ 66]LogModuleManager: Shutting down and abandoning module LinearTimecode (370)
[2019.06.20-19.46.00:582][ 66]LogModuleManager: Shutting down and abandoning module ImgMedia (368)
[2019.06.20-19.46.00:585][ 66]LogModuleManager: Shutting down and abandoning module HTML5Networking (366)
[2019.06.20-19.46.00:585][ 66]LogModuleManager: Shutting down and abandoning module GeometryCacheTracks (364)
[2019.06.20-19.46.00:585][ 66]LogModuleManager: Shutting down and abandoning module GeometryCacheSequencer (362)
[2019.06.20-19.46.00:585][ 66]LogModuleManager: Shutting down and abandoning module BackChannel (360)
[2019.06.20-19.46.00:585][ 66]LogModuleManager: Shutting down and abandoning module AppleVision (358)
[2019.06.20-19.46.00:585][ 66]LogModuleManager: Shutting down and abandoning module AppleImageUtils (356)
[2019.06.20-19.46.00:585][ 66]LogModuleManager: Shutting down and abandoning module AlembicImporter (354)
[2019.06.20-19.46.00:585][ 66]LogModuleManager: Shutting down and abandoning module AlembicLibrary (353)
[2019.06.20-19.46.00:585][ 66]LogModuleManager: Shutting down and abandoning module GeometryCache (352)
[2019.06.20-19.46.00:585][ 66]LogModuleManager: Shutting down and abandoning module GeometryCacheEd (351)
[2019.06.20-19.46.00:585][ 66]LogModuleManager: Shutting down and abandoning module DatasmithContentEditor (346)
[2019.06.20-19.46.00:585][ 66]LogModuleManager: Shutting down and abandoning module DatasmithContent (344)
[2019.06.20-19.46.00:586][ 66]LogModuleManager: Shutting down and abandoning module SpeedTreeImporter (342)
[2019.06.20-19.46.00:586][ 66]LogModuleManager: Shutting down and abandoning module PluginBrowser (340)
[2019.06.20-19.46.00:586][ 66]LogModuleManager: Shutting down and abandoning module MobileLauncherProfileWizard (338)
[2019.06.20-19.46.00:586][ 66]LogModuleManager: Shutting down and abandoning module PolygonModeling (336)
[2019.06.20-19.46.00:586][ 66]LogModuleManager: Shutting down and abandoning module MeshEditor (334)
[2019.06.20-19.46.00:586][ 66]LogModuleManager: Shutting down and abandoning module CryptoKeysOpenSSL (332)
[2019.06.20-19.46.00:586][ 66]LogModuleManager: Shutting down and abandoning module CryptoKeys (330)
[2019.06.20-19.46.00:586][ 66]LogModuleManager: Shutting down and abandoning module VisualStudioSourceCodeAccess (328)
[2019.06.20-19.46.00:586][ 66]LogModuleManager: Shutting down and abandoning module VisualStudioCodeSourceCodeAccess (326)
[2019.06.20-19.46.00:586][ 66]LogModuleManager: Shutting down and abandoning module UObjectPlugin (324)
[2019.06.20-19.46.00:586][ 66]LogModuleManager: Shutting down and abandoning module SubversionSourceControl (322)
[2019.06.20-19.46.00:586][ 66]LogModuleManager: Shutting down and abandoning module PerforceSourceControl (320)
[2019.06.20-19.46.00:586][ 66]LogModuleManager: Shutting down and abandoning module GitSourceControl (318)
[2019.06.20-19.46.00:586][ 66]LogModuleManager: Shutting down and abandoning module SourceControl (317)
[2019.06.20-19.46.00:586][ 66]LogModuleManager: Shutting down and abandoning module CLionSourceCodeAccess (314)
[2019.06.20-19.46.00:586][ 66]LogModuleManager: Shutting down and abandoning module LightPropagationVolumeEditor (312)
[2019.06.20-19.46.00:586][ 66]LogModuleManager: Shutting down and abandoning module PaperTiledImporter (310)
[2019.06.20-19.46.00:586][ 66]LogModuleManager: Shutting down and abandoning module PaperSpriteSheetImporter (308)
[2019.06.20-19.46.00:586][ 66]LogModuleManager: Shutting down and abandoning module Paper2DEditor (306)
[2019.06.20-19.46.00:586][ 66]LogModuleManager: Shutting down and abandoning module MeshPaint (305)
[2019.06.20-19.46.00:586][ 66]LogModuleManager: Shutting down and abandoning module RuntimePhysXCooking (302)
[2019.06.20-19.46.00:586][ 66]LogModuleManager: Shutting down and abandoning module PhysXVehiclesEditor (300)
[2019.06.20-19.46.00:586][ 66]LogModuleManager: Shutting down and abandoning module PhysXVehicles (298)
[2019.06.20-19.46.00:586][ 66]LogModuleManager: Shutting down and abandoning module OculusEditor (296)
[2019.06.20-19.46.00:586][ 66]LogModuleManager: Shutting down and abandoning module LocationServicesBPLibrary (294)
[2019.06.20-19.46.00:586][ 66]LogModuleManager: Shutting down and abandoning module ImmediatePhysicsEditor (292)
[2019.06.20-19.46.00:586][ 66]LogModuleManager: Shutting down and abandoning module ImmediatePhysics (290)
[2019.06.20-19.46.00:586][ 66]LogModuleManager: Shutting down and abandoning module ApexDestructionEditor (288)
[2019.06.20-19.46.00:586][ 66]LogModuleManager: Shutting down and abandoning module ApexDestruction (286)
[2019.06.20-19.46.00:586][ 66]LogModuleManager: Shutting down and abandoning module ActorSequence (284)
[2019.06.20-19.46.00:586][ 66]LogModuleManager: Shutting down and abandoning module UdpMessaging (282)
[2019.06.20-19.46.00:687][ 66]LogModuleManager: Shutting down and abandoning module TcpMessaging (280)
[2019.06.20-19.46.00:788][ 66]LogModuleManager: Shutting down and abandoning module MagicLeapAudio (278)
[2019.06.20-19.46.00:788][ 66]LogModuleManager: Shutting down and abandoning module GameplayTagsEditor (276)
[2019.06.20-19.46.00:788][ 66]LogModuleManager: Shutting down and abandoning module FacialAnimationEditor (274)
[2019.06.20-19.46.00:788][ 66]LogModuleManager: Shutting down and abandoning module FacialAnimation (272)
[2019.06.20-19.46.00:788][ 66]LogModuleManager: Shutting down and abandoning module DataValidation (270)
[2019.06.20-19.46.00:788][ 66]LogModuleManager: Shutting down and abandoning module AssetManagerEditor (268)
[2019.06.20-19.46.00:788][ 66]LogModuleManager: Shutting down and abandoning module LevelEditor (267)
[2019.06.20-19.46.00:788][ 66]LogModuleManager: Shutting down and abandoning module PixelInspectorModule (266)
[2019.06.20-19.46.00:789][ 66]LogModuleManager: Shutting down and abandoning module CommonMenuExtensions (264)
[2019.06.20-19.46.00:789][ 66]LogModuleManager: Shutting down and abandoning module MainFrame (262)
[2019.06.20-19.46.00:789][ 66]LogModuleManager: Shutting down and abandoning module HotReload (261)
[2019.06.20-19.46.00:790][ 66]LogModuleManager: Shutting down and abandoning module ContentBrowser (257)
[2019.06.20-19.46.00:795][ 66]LogModuleManager: Shutting down and abandoning module TreeMap (255)
[2019.06.20-19.46.00:795][ 66]LogModuleManager: Shutting down and abandoning module LightPropagationVolumeRuntime (252)
[2019.06.20-19.46.00:795][ 66]LogModuleManager: Shutting down and abandoning module AISupportModule (250)
[2019.06.20-19.46.00:795][ 66]LogModuleManager: Shutting down and abandoning module Paper2D (248)
[2019.06.20-19.46.00:795][ 66]LogModuleManager: Shutting down and abandoning module WindowsMoviePlayer (246)
[2019.06.20-19.46.00:795][ 66]LogModuleManager: Shutting down and abandoning module WmfMedia (244)
[2019.06.20-19.46.00:796][ 66]LogModuleManager: Shutting down and abandoning module Media (243)
[2019.06.20-19.46.00:803][ 66]LogModuleManager: Shutting down and abandoning module PacketHandler (240)
[2019.06.20-19.46.00:803][ 66]LogModuleManager: Shutting down and abandoning module ClothingSystemEditor (238)
[2019.06.20-19.46.00:804][ 66]LogModuleManager: Shutting down and abandoning module ClothingSystemRuntime (236)
[2019.06.20-19.46.00:804][ 66]LogModuleManager: Shutting down and abandoning module MediaAssets (234)
[2019.06.20-19.46.00:804][ 66]LogModuleManager: Shutting down and abandoning module Overlay (232)
[2019.06.20-19.46.00:804][ 66]LogModuleManager: Shutting down and abandoning module OverlayEditor (231)
[2019.06.20-19.46.00:804][ 66]LogModuleManager: Shutting down and abandoning module VREditor (228)
[2019.06.20-19.46.00:804][ 66]LogModuleManager: Shutting down and abandoning module StringTableEditor (226)
[2019.06.20-19.46.00:804][ 66]LogModuleManager: Shutting down and abandoning module GameplayTasksEditor (224)
[2019.06.20-19.46.00:804][ 66]LogModuleManager: Shutting down and abandoning module BehaviorTreeEditor (222)
[2019.06.20-19.46.00:804][ 66]LogModuleManager: Shutting down and abandoning module FunctionalTesting (220)
[2019.06.20-19.46.00:804][ 66]LogModuleManager: Shutting down and abandoning module CollisionAnalyzer (218)
[2019.06.20-19.46.00:804][ 66]LogModuleManager: Shutting down and abandoning module WorkspaceMenuStructure (217)
[2019.06.20-19.46.00:804][ 66]LogModuleManager: Shutting down and abandoning module UMG (214)
[2019.06.20-19.46.00:804][ 66]LogModuleManager: Shutting down and abandoning module UMGEditor (213)
[2019.06.20-19.46.00:804][ 66]LogModuleManager: Shutting down and abandoning module Sequencer (212)
[2019.06.20-19.46.00:804][ 66]LogModuleManager: Shutting down and abandoning module MessageLog (209)
[2019.06.20-19.46.00:804][ 66]LogModuleManager: Shutting down and abandoning module SlateReflector (204)
[2019.06.20-19.46.00:804][ 66]LogModuleManager: Shutting down and abandoning module Slate (202)
[2019.06.20-19.46.00:804][ 66]LogModuleManager: Shutting down and abandoning module EditorStyle (200)
[2019.06.20-19.46.00:806][ 66]LogModuleManager: Shutting down and abandoning module MRMesh (198)
[2019.06.20-19.46.00:806][ 66]LogModuleManager: Shutting down and abandoning module SourceCodeAccess (196)
[2019.06.20-19.46.00:806][ 66]LogModuleManager: Shutting down and abandoning module HeadMountedDisplay (194)
[2019.06.20-19.46.00:806][ 66]LogModuleManager: Shutting down and abandoning module XAudio2 (192)
[2019.06.20-19.46.00:806][ 66]LogModuleManager: Shutting down and abandoning module Networking (190)
[2019.06.20-19.46.00:806][ 66]LogModuleManager: Shutting down and abandoning module Core (188)
[2019.06.20-19.46.00:806][ 66]LogModuleManager: Shutting down and abandoning module LevelSequence (186)
[2019.06.20-19.46.00:806][ 66]LogModuleManager: Shutting down and abandoning module KismetCompiler (184)
[2019.06.20-19.46.00:806][ 66]LogModuleManager: Shutting down and abandoning module MeshUtilities (182)
[2019.06.20-19.46.00:806][ 66]LogModuleManager: Shutting down and abandoning module MeshMergeUtilities (181)
[2019.06.20-19.46.00:806][ 66]LogModuleManager: Shutting down and abandoning module MeshReductionInterface (180)
[2019.06.20-19.46.00:806][ 66]LogModuleManager: Shutting down and abandoning module SimplygonSwarm (179)
[2019.06.20-19.46.00:806][ 66]LogModuleManager: Shutting down and abandoning module ProxyLODMeshReduction (177)
[2019.06.20-19.46.00:806][ 66]LogModuleManager: Shutting down and abandoning module SimplygonMeshReduction (175)
[2019.06.20-19.46.00:806][ 66]LogModuleManager: Shutting down and abandoning module QuadricMeshReduction (173)
[2019.06.20-19.46.00:806][ 66]LogModuleManager: Shutting down and abandoning module MaterialBaking (169)
[2019.06.20-19.46.00:806][ 66]LogModuleManager: Shutting down and abandoning module DirectoryWatcher (165)
[2019.06.20-19.46.00:806][ 66]LogModuleManager: Shutting down and abandoning module DerivedDataCache (162)
[2019.06.20-19.46.01:199][ 66]LogDerivedDataCache: Shutdown
[2019.06.20-19.46.01:199][ 66]LogModuleManager: Shutting down and abandoning module XGEController (160)
[2019.06.20-19.46.01:199][ 66]LogModuleManager: Shutting down and abandoning module TargetPlatform (158)
[2019.06.20-19.46.01:200][ 66]LogModuleManager: Shutting down and abandoning module VulkanShaderFormat (157)
[2019.06.20-19.46.01:200][ 66]LogModuleManager: Shutting down and abandoning module ShaderFormatVectorVM (155)
[2019.06.20-19.46.01:200][ 66]LogModuleManager: Shutting down and abandoning module ShaderFormatOpenGL (153)
[2019.06.20-19.46.01:200][ 66]LogModuleManager: Shutting down and abandoning module ShaderFormatD3D (151)
[2019.06.20-19.46.01:200][ 66]LogModuleManager: Shutting down and abandoning module MetalShaderFormat (149)
[2019.06.20-19.46.01:200][ 66]LogModuleManager: Shutting down and abandoning module TextureFormatUncompressed (147)
[2019.06.20-19.46.01:200][ 66]LogModuleManager: Shutting down and abandoning module TextureFormatPVR (145)
[2019.06.20-19.46.01:200][ 66]LogModuleManager: Shutting down and abandoning module TextureFormatDXT (143)
[2019.06.20-19.46.01:200][ 66]LogModuleManager: Shutting down and abandoning module TextureFormatIntelISPCTexComp (141)
[2019.06.20-19.46.01:200][ 66]LogModuleManager: Shutting down and abandoning module TextureFormatASTC (139)
[2019.06.20-19.46.01:200][ 66]LogModuleManager: Shutting down and abandoning module ImageWrapper (138)
[2019.06.20-19.46.01:200][ 66]LogModuleManager: Shutting down and abandoning module TextureFormatAndroid (135)
[2019.06.20-19.46.01:200][ 66]LogModuleManager: Shutting down and abandoning module AudioFormatOpus (133)
[2019.06.20-19.46.01:200][ 66]LogModuleManager: Shutting down and abandoning module AudioFormatOgg (131)
[2019.06.20-19.46.01:200][ 66]LogModuleManager: Shutting down and abandoning module AudioFormatADPCM (129)
[2019.06.20-19.46.01:200][ 66]LogModuleManager: Shutting down and abandoning module LuminTargetPlatform (127)
[2019.06.20-19.46.01:200][ 66]LogModuleManager: Shutting down and abandoning module LinuxTargetPlatform (125)
[2019.06.20-19.46.01:200][ 66]LogModuleManager: Shutting down and abandoning module LinuxServerTargetPlatform (123)
[2019.06.20-19.46.01:200][ 66]LogModuleManager: Shutting down and abandoning module LinuxNoEditorTargetPlatform (121)
[2019.06.20-19.46.01:200][ 66]LogModuleManager: Shutting down and abandoning module LinuxClientTargetPlatform (119)
[2019.06.20-19.46.01:200][ 66]LogModuleManager: Shutting down and abandoning module TVOSTargetPlatform (117)
[2019.06.20-19.46.01:201][ 66]LogModuleManager: Shutting down and abandoning module Messaging (115)
[2019.06.20-19.46.01:201][ 66]LogModuleManager: Shutting down and abandoning module IOSTargetPlatform (113)
[2019.06.20-19.46.01:202][ 66]LogModuleManager: Shutting down and abandoning module HTML5TargetPlatform (111)
[2019.06.20-19.46.01:202][ 66]LogModuleManager: Shutting down and abandoning module AndroidTargetPlatform (109)
[2019.06.20-19.46.01:212][ 66]LogModuleManager: Shutting down and abandoning module WindowsTargetPlatform (107)
[2019.06.20-19.46.01:213][ 66]LogModuleManager: Shutting down and abandoning module WindowsServerTargetPlatform (105)
[2019.06.20-19.46.01:213][ 66]LogModuleManager: Shutting down and abandoning module WindowsNoEditorTargetPlatform (103)
[2019.06.20-19.46.01:213][ 66]LogModuleManager: Shutting down and abandoning module WindowsClientTargetPlatform (101)
[2019.06.20-19.46.01:213][ 66]LogModuleManager: Shutting down and abandoning module MacTargetPlatform (99)
[2019.06.20-19.46.01:213][ 66]LogModuleManager: Shutting down and abandoning module MacServerTargetPlatform (97)
[2019.06.20-19.46.01:213][ 66]LogModuleManager: Shutting down and abandoning module MacNoEditorTargetPlatform (95)
[2019.06.20-19.46.01:213][ 66]LogModuleManager: Shutting down and abandoning module MacClientTargetPlatform (93)
[2019.06.20-19.46.01:213][ 66]LogModuleManager: Shutting down and abandoning module AllDesktopTargetPlatform (91)
[2019.06.20-19.46.01:213][ 66]LogModuleManager: Shutting down and abandoning module InputCore (88)
[2019.06.20-19.46.01:213][ 66]LogModuleManager: Shutting down and abandoning module Settings (86)
[2019.06.20-19.46.01:213][ 66]LogModuleManager: Shutting down and abandoning module PhysXCooking (84)
[2019.06.20-19.46.01:213][ 66]LogModuleManager: Shutting down and abandoning module SteamVR (82)
[2019.06.20-19.46.01:213][ 66]LogModuleManager: Shutting down and abandoning module OculusHMD (80)
[2019.06.20-19.46.01:213][ 66]LogModuleManager: Shutting down and abandoning module ExampleDeviceProfileSelector (78)
[2019.06.20-19.46.01:213][ 66]LogModuleManager: Shutting down and abandoning module LauncherChunkInstaller (76)
[2019.06.20-19.46.01:213][ 66]LogModuleManager: Shutting down and abandoning module OnlineBlueprintSupport (74)
[2019.06.20-19.46.01:213][ 66]LogModuleManager: Shutting down and abandoning module OnlineSubsystem (70)
[2019.06.20-19.46.01:214][ 66]LogModuleManager: Shutting down and abandoning module XMPP (65)
[2019.06.20-19.46.01:214][ 66]LogModuleManager: Shutting down and abandoning module WebSockets (64)
[2019.06.20-19.46.01:220][ 66]LogModuleManager: Shutting down and abandoning module HTTP (61)
[2019.06.20-19.46.01:220][ 66]LogHttp: Display: Http module shutting down, but needs to wait on 1 outstanding Http requests:
[2019.06.20-19.46.01:220][ 66]LogHttp: Display: 	verb=[POST] url=[https://datarouter.ol.epicgames.com/datarouter/api/v1/public/data?SessionID=%7B0F6DC252-4779-70EA-2031-B09822AF8A41%7D&AppID=UEEditor.Rocket.Release&AppVersion=4.20.3-4369336%2B%2B%2BUE4%2BRelease-4.20&UserID=6e38db334cc496710e5643a24f0154f6%7Cab87705aaca34a649380b6f0fc866cfa%7Cb4c745c7-d7bd-42a4-a972-d2c2dd3e3dae&AppEnvironment=datacollector-binary&UploadType=eteventstream] status=Processing
[2019.06.20-19.46.01:248][ 66]LogModuleManager: Shutting down and abandoning module SSL (60)
[2019.06.20-19.46.01:249][ 66]LogModuleManager: Shutting down and abandoning module MagicLeapEmulator (56)
[2019.06.20-19.46.01:249][ 66]LogModuleManager: Shutting down and abandoning module MagicLeapPrivileges (54)
[2019.06.20-19.46.01:249][ 66]LogModuleManager: Shutting down and abandoning module MagicLeapIdentity (52)
[2019.06.20-19.46.01:249][ 66]LogModuleManager: Shutting down and abandoning module MagicLeapHelperVulkan (50)
[2019.06.20-19.46.01:249][ 66]LogModuleManager: Shutting down and abandoning module MagicLeapHelperOpenGL (48)
[2019.06.20-19.46.01:249][ 66]LogModuleManager: Shutting down and abandoning module MagicLeapSecureStorage (46)
[2019.06.20-19.46.01:249][ 66]LogModuleManager: Shutting down and abandoning module MagicLeapGestures (44)
[2019.06.20-19.46.01:249][ 66]LogModuleManager: Shutting down and abandoning module MagicLeapEyeTracker (42)
[2019.06.20-19.46.01:249][ 66]LogModuleManager: Shutting down and abandoning module MagicLeapController (40)
[2019.06.20-19.46.01:249][ 66]LogSlate: Slate User Destroyed.  User Index 0, Is Virtual User: 0
[2019.06.20-19.46.01:249][ 66]LogModuleManager: Shutting down and abandoning module MagicLeap (38)
[2019.06.20-19.46.01:249][ 66]LogModuleManager: Shutting down and abandoning module AnimationModifiers (36)
[2019.06.20-19.46.01:249][ 66]LogModuleManager: Shutting down and abandoning module PropertyEditor (35)
[2019.06.20-19.46.01:249][ 66]LogModuleManager: Shutting down and abandoning module AudioEditor (32)
[2019.06.20-19.46.01:249][ 66]LogModuleManager: Shutting down and abandoning module TextureCompressor (30)
[2019.06.20-19.46.01:250][ 66]LogModuleManager: Shutting down and abandoning module ShaderCore (28)
[2019.06.20-19.46.01:250][ 66]LogModuleManager: Shutting down and abandoning module Landscape (26)
[2019.06.20-19.46.01:250][ 66]LogModuleManager: Shutting down and abandoning module SlateRHIRenderer (24)
[2019.06.20-19.46.01:250][ 66]LogModuleManager: Shutting down and abandoning module OpenGLDrv (22)
[2019.06.20-19.46.01:250][ 66]LogModuleManager: Shutting down and abandoning module D3D11RHI (20)
[2019.06.20-19.46.01:250][ 66]LogModuleManager: Shutting down and abandoning module AnimGraphRuntime (18)
[2019.06.20-19.46.01:250][ 66]LogModuleManager: Shutting down and abandoning module Renderer (16)
[2019.06.20-19.46.01:250][ 66]LogModuleManager: Shutting down and abandoning module Engine (14)
[2019.06.20-19.46.01:250][ 66]LogModuleManager: Shutting down and abandoning module CoreUObject (12)
[2019.06.20-19.46.01:250][ 66]LogModuleManager: Shutting down and abandoning module NetworkFile (10)
[2019.06.20-19.46.01:250][ 66]LogModuleManager: Shutting down and abandoning module CookedIterativeFile (8)
[2019.06.20-19.46.01:250][ 66]LogModuleManager: Shutting down and abandoning module StreamingFile (6)
[2019.06.20-19.46.01:250][ 66]LogModuleManager: Shutting down and abandoning module SandboxFile (4)
[2019.06.20-19.46.01:250][ 66]LogModuleManager: Shutting down and abandoning module PakFile (2)
[2019.06.20-19.46.01:254][ 66]LogExit: Exiting.
[2019.06.20-19.46.01:260][ 66]Log file closed, 06/20/19 20:46:01
