Log file open, 06/20/19 21:32:28
LogWindows: Failed to load 'aqProf.dll' (GetLastError=126)
LogWindows: File 'aqProf.dll' does not exist
LogWindows: Failed to load 'VtuneApi.dll' (GetLastError=126)
LogWindows: File 'VtuneApi.dll' does not exist
LogWindows: Failed to load 'VtuneApi32e.dll' (GetLastError=126)
LogWindows: File 'VtuneApi32e.dll' does not exist
LogInit: Display: Running engine for game: UoP_GJ_ADPD
LogPlatformFile: Not using cached read wrapper
LogTaskGraph: Started task graph with 5 named threads and 14 total threads with 3 sets of task threads.
LogStats: Stats thread started at 0.208109
LogD3D11RHI: Loaded GFSDK_Aftermath_Lib.x64.dll
LogICUInternationalization: Display: ICU TimeZone Detection - Raw Offset: +0:00, Platform Override: ''
LogPluginManager: Mounting plugin Paper2D
LogPluginManager: Mounting plugin AISupport
LogPluginManager: Mounting plugin LightPropagationVolume
LogPluginManager: Mounting plugin CLionSourceCodeAccess
LogPluginManager: Mounting plugin CodeLiteSourceCodeAccess
LogPluginManager: Mounting plugin GitSourceControl
LogPluginManager: Mounting plugin KDevelopSourceCodeAccess
LogPluginManager: Mounting plugin NullSourceCodeAccess
LogPluginManager: Mounting plugin PerforceSourceControl
LogPluginManager: Mounting plugin SubversionSourceControl
LogPluginManager: Mounting plugin UObjectPlugin
LogPluginManager: Mounting plugin VisualStudioCodeSourceCodeAccess
LogPluginManager: Mounting plugin VisualStudioSourceCodeAccess
LogPluginManager: Mounting plugin XCodeSourceCodeAccess
LogPluginManager: Mounting plugin AssetManagerEditor
LogPluginManager: Mounting plugin CryptoKeys
LogPluginManager: Mounting plugin DataValidation
LogPluginManager: Mounting plugin FacialAnimation
LogPluginManager: Mounting plugin GameplayTagsEditor
LogPluginManager: Mounting plugin MacGraphicsSwitching
LogPluginManager: Mounting plugin MeshEditor
LogPluginManager: Mounting plugin MobileLauncherProfileWizard
LogPluginManager: Mounting plugin PluginBrowser
LogPluginManager: Mounting plugin SpeedTreeImporter
LogPluginManager: Mounting plugin DatasmithContent
LogPluginManager: Mounting plugin AlembicImporter
LogPluginManager: Mounting plugin AppleImageUtils
LogPluginManager: Mounting plugin AppleVision
LogPluginManager: Mounting plugin BackChannel
LogPluginManager: Mounting plugin CharacterAI
LogPluginManager: Mounting plugin GeometryCache
LogPluginManager: Mounting plugin HTML5Networking
LogPluginManager: Mounting plugin ProxyLODPlugin
LogPluginManager: Mounting plugin MagicLeap
LogPluginManager: Mounting plugin MagicLeapEmulator
LogPluginManager: Mounting plugin MagicLeapMedia
LogPluginManager: Mounting plugin AndroidMedia
LogPluginManager: Mounting plugin AvfMedia
LogPluginManager: Mounting plugin ImgMedia
LogPluginManager: Mounting plugin LinearTimecode
LogPluginManager: Mounting plugin MediaCompositing
LogPluginManager: Mounting plugin MediaPlayerEditor
LogPluginManager: Mounting plugin WmfMedia
LogPluginManager: Mounting plugin TcpMessaging
LogPluginManager: Mounting plugin UdpMessaging
LogPluginManager: Mounting plugin ActorSequence
LogPluginManager: Mounting plugin LevelSequenceEditor
LogPluginManager: Mounting plugin MatineeToLevelSequence
LogPluginManager: Mounting plugin NetcodeUnitTest
LogPluginManager: Mounting plugin NUTUnrealEngine4
LogPluginManager: Mounting plugin OnlineSubsystemGooglePlay
LogPluginManager: Mounting plugin OnlineSubsystemIOS
LogPluginManager: Mounting plugin OnlineSubsystem
LogPluginManager: Mounting plugin OnlineSubsystemNull
LogPluginManager: Mounting plugin OnlineSubsystemUtils
LogPluginManager: Mounting plugin LauncherChunkInstaller
LogPluginManager: Mounting plugin AndroidDeviceProfileSelector
LogPluginManager: Mounting plugin AndroidMoviePlayer
LogPluginManager: Mounting plugin AndroidPermission
LogPluginManager: Mounting plugin ApexDestruction
LogPluginManager: Mounting plugin AppleMoviePlayer
LogPluginManager: Mounting plugin ArchVisCharacter
LogPluginManager: Mounting plugin AudioCapture
LogPluginManager: Mounting plugin CableComponent
LogPluginManager: Mounting plugin CustomMeshComponent
LogPluginManager: Mounting plugin EditableMesh
LogPluginManager: Mounting plugin ExampleDeviceProfileSelector
LogPluginManager: Mounting plugin GoogleCloudMessaging
LogPluginManager: Mounting plugin ImmediatePhysics
LogPluginManager: Mounting plugin IOSDeviceProfileSelector
LogPluginManager: Mounting plugin LinuxDeviceProfileSelector
LogPluginManager: Mounting plugin LocationServicesBPLibrary
LogPluginManager: Mounting plugin MobilePatchingUtils
LogPluginManager: Mounting plugin OculusVR
LogPluginManager: Plugin shader directory ../../../Engine/Plugins/Runtime/Oculus/OculusVR/Shaders found
LogPluginManager: Mapping shader source directory ../../../Engine/Plugins/Runtime/Oculus/OculusVR/Shaders to virtual directory /Plugin/OculusVR
LogPluginManager: Mounting plugin PhysXVehicles
LogPluginManager: Mounting plugin ProceduralMeshComponent
LogPluginManager: Mounting plugin RuntimePhysXCooking
LogPluginManager: Mounting plugin SteamVR
LogPluginManager: Mounting plugin WindowsMoviePlayer
LogStreaming: Display: Took  0.082s to configure plugins.
LogInit: Using libcurl 7.55.1-DEV
LogInit:  - built for x86_64-pc-win32
LogInit:  - supports SSL with OpenSSL/1.0.2h
LogInit:  - supports HTTP deflate (compression) using libz 1.2.8
LogInit:  - other features:
LogInit:      CURL_VERSION_SSL
LogInit:      CURL_VERSION_LIBZ
LogInit:      CURL_VERSION_IPV6
LogInit:      CURL_VERSION_ASYNCHDNS
LogInit:      CURL_VERSION_LARGEFILE
LogInit:      CURL_VERSION_IDN
LogInit:  CurlRequestOptions (configurable via config and command line):
LogInit:  - bVerifyPeer = false  - Libcurl will NOT verify peer certificate
LogInit:  - bUseHttpProxy = false  - Libcurl will NOT use HTTP proxy
LogInit:  - bDontReuseConnections = false  - Libcurl will reuse connections
LogInit:  - CertBundlePath = nullptr  - Libcurl will use whatever was configured at build time.
LogInit:  - MaxHostConnections = 16  - Libcurl will limit the number of connections to a host
LogInit:  - LocalHostAddr = Default
LogInit:  - BufferSize = 65536
LogInit: WinSock: version 1.1 (2.2), MaxSocks=32767, MaxUdp=65467
LogHMD: Failed initializing OVRPlugin 1.25.0
LogInit: Build: ++UE4+Release-4.20-CL-4369336
LogInit: Engine Version: 4.20.3-4369336+++UE4+Release-4.20
LogInit: Compatible Engine Version: 4.20.0-4212847+++UE4+Release-4.20
LogInit: Net CL: 4212847
LogInit: OS: Windows 10 (), CPU: Intel(R) Core(TM) i5-4690K CPU @ 3.50GHz, GPU: NVIDIA GeForce GTX 970
LogInit: Compiled (64-bit): Sep 17 2018 12:26:19
LogInit: Compiled with Visual C++: 19.13.26129.00
LogInit: Build Configuration: Development
LogInit: Branch Name: ++UE4+Release-4.20
LogInit: Command Line:  /Game/TopDownBP/Maps/TopDownExampleMap -game -PIEVIACONSOLE -ResX=1280 -ResY=720  -Multiprocess -messaging -SessionName="Play in Standalone Game" -windowed 
LogInit: Base Directory: F:/Epic Games/UE_4.20/Engine/Binaries/Win64/
LogInit: Installed Engine Build: 1
LogDevObjectVersion: Number of dev versions registered: 20
LogDevObjectVersion:   Dev-Blueprints (B0D832E4-1F89-4F0D-ACCF-7EB736FD4AA2): 10
LogDevObjectVersion:   Dev-Build (E1C64328-A22C-4D53-A36C-8E866417BD8C): 0
LogDevObjectVersion:   Dev-Core (375EC13C-06E4-48FB-B500-84F0262A717E): 2
LogDevObjectVersion:   Dev-Editor (E4B068ED-F494-42E9-A231-DA0B2E46BB41): 24
LogDevObjectVersion:   Dev-Framework (CFFC743F-43B0-4480-9391-14DF171D2073): 34
LogDevObjectVersion:   Dev-Mobile (B02B49B5-BB20-44E9-A304-32B752E40360): 2
LogDevObjectVersion:   Dev-Networking (A4E4105C-59A1-49B5-A7C5-40C4547EDFEE): 0
LogDevObjectVersion:   Dev-Online (39C831C9-5AE6-47DC-9A44-9C173E1C8E7C): 0
LogDevObjectVersion:   Dev-Physics (78F01B33-EBEA-4F98-B9B4-84EACCB95AA2): 0
LogDevObjectVersion:   Dev-Platform (6631380F-2D4D-43E0-8009-CF276956A95A): 0
LogDevObjectVersion:   Dev-Rendering (12F88B9F-8875-4AFC-A67C-D90C383ABD29): 26
LogDevObjectVersion:   Dev-Sequencer (7B5AE74C-D270-4C10-A958-57980B212A5A): 9
LogDevObjectVersion:   Dev-VR (D7296918-1DD6-4BDD-9DE2-64A83CC13884): 2
LogDevObjectVersion:   Dev-LoadTimes (C2A15278-BFE7-4AFE-6C17-90FF531DF755): 1
LogDevObjectVersion:   Private-Geometry (6EACA3D4-40EC-4CC1-B786-8BED09428FC5): 3
LogDevObjectVersion:   Dev-AnimPhys (29E575DD-E0A3-4627-9D10-D276232CDCEA): 17
LogDevObjectVersion:   Dev-ReflectionCapture (6B266CEC-1EC7-4B8F-A30B-E4D90942FC07): 1
LogDevObjectVersion:   Dev-Automation (0DF73D61-A23F-47EA-B727-89E90C41499A): 1
LogDevObjectVersion:   FortniteMain (601D1886-AC64-4F84-AA16-D3DE0DEAC7D6): 12
LogDevObjectVersion:   Dev-Enterprise (9DFFBCD6-494F-0158-E221-12823C92A888): 1
LogStreaming: Display: Took  0.003s to delete old logs.
LogInit: Presizing for max 8388607 objects, including 0 objects not considered by GC, pre-allocating 0 bytes for permanent pool.
LogInit: Object subsystem initialized
[2019.06.20-20.32.29:577][  0]LogInit: Selected Device Profile: [Windows]
[2019.06.20-20.32.29:577][  0]LogInit: Applying CVar settings loaded from the selected device profile: [Windows]
[2019.06.20-20.32.29:582][  0]LogHAL: Display: Platform has ~ 8 GB [8467021824 / 8589934592 / 8], which maps to Default [LargestMinGB=32, LargerMinGB=12, DefaultMinGB=8, SmallerMinGB=6, SmallestMinGB=0)
[2019.06.20-20.32.29:582][  0]LogInit: Setting Device Profile CVar: [[r.Vulkan.UseRealUBs:1]]
[2019.06.20-20.32.29:582][  0]LogInit: Going up to parent DeviceProfile []
[2019.06.20-20.32.29:583][  0]LogInit: Computer: THAI-PC
[2019.06.20-20.32.29:583][  0]LogInit: User: Thai
[2019.06.20-20.32.29:583][  0]LogInit: CPU Page size=4096, Cores=4
[2019.06.20-20.32.29:583][  0]LogInit: High frequency timer resolution =3.417987 MHz
[2019.06.20-20.32.29:583][  0]LogMemory: Memory total: Physical=7.9GB (8GB approx)
[2019.06.20-20.32.29:583][  0]LogMemory: Platform Memory Stats for Windows
[2019.06.20-20.32.29:583][  0]LogMemory: Process Physical Memory: 105.21 MB used, 105.21 MB peak
[2019.06.20-20.32.29:583][  0]LogMemory: Process Virtual Memory: 98.62 MB used, 98.62 MB peak
[2019.06.20-20.32.29:583][  0]LogMemory: Physical Memory: 6788.36 MB used,  1286.42 MB free, 8074.78 MB total
[2019.06.20-20.32.29:583][  0]LogMemory: Virtual Memory: 4650.59 MB used,  1286.42 MB free, 134217728.00 MB total
[2019.06.20-20.32.29:610][  0]LogInit: Using OS detected language (en-US).
[2019.06.20-20.32.29:610][  0]LogInit: Using OS detected locale (en-US).
[2019.06.20-20.32.29:611][  0]LogTextLocalizationManager: No specific localization for 'en-US' exists, so the 'en' localization will be used.
[2019.06.20-20.32.30:051][  0]LogStreaming: Display: Took  0.441s to InitEngineTextLocalization.
[2019.06.20-20.32.30:093][  0]LogSlate: New Slate User Created.  User Index 0, Is Virtual User: 0
[2019.06.20-20.32.30:093][  0]LogSlate: Slate User Registered.  User Index 0, Is Virtual User: 0
[2019.06.20-20.32.30:125][  0]LogHMD: Failed to initialize OpenVR with code 126
[2019.06.20-20.32.30:125][  0]LogD3D11RHI: D3D11 adapters:
[2019.06.20-20.32.30:205][  0]LogD3D11RHI:    0. 'NVIDIA GeForce GTX 970' (Feature Level 11_0)
[2019.06.20-20.32.30:205][  0]LogD3D11RHI:       4043/0/4037 MB DedicatedVideo/DedicatedSystem/SharedSystem, Outputs:1, VendorId:0x10de
[2019.06.20-20.32.30:211][  0]LogD3D11RHI:    1. 'Intel(R) HD Graphics 4600' (Feature Level 11_0)
[2019.06.20-20.32.30:211][  0]LogD3D11RHI:       112/0/2048 MB DedicatedVideo/DedicatedSystem/SharedSystem, Outputs:1, VendorId:0x8086
[2019.06.20-20.32.30:214][  0]LogD3D11RHI:    2. 'Microsoft Basic Render Driver' (Feature Level 11_0)
[2019.06.20-20.32.30:214][  0]LogD3D11RHI:       0/0/4037 MB DedicatedVideo/DedicatedSystem/SharedSystem, Outputs:0, VendorId:0x1414
[2019.06.20-20.32.30:214][  0]LogD3D11RHI: Chosen D3D11 Adapter: 0
[2019.06.20-20.32.30:239][  0]LogD3D11RHI: Creating new Direct3DDevice
[2019.06.20-20.32.30:239][  0]LogD3D11RHI:     GPU DeviceId: 0x13c2 (for the marketing name, search the web for "GPU Device Id")
[2019.06.20-20.32.30:239][  0]LogWindows: EnumDisplayDevices:
[2019.06.20-20.32.30:240][  0]LogWindows:    0. 'NVIDIA GeForce GTX 970' (P:1 D:1)
[2019.06.20-20.32.30:240][  0]LogWindows:    1. 'NVIDIA GeForce GTX 970' (P:0 D:0)
[2019.06.20-20.32.30:240][  0]LogWindows:    2. 'NVIDIA GeForce GTX 970' (P:0 D:0)
[2019.06.20-20.32.30:241][  0]LogWindows:    3. 'NVIDIA GeForce GTX 970' (P:0 D:0)
[2019.06.20-20.32.30:241][  0]LogWindows:    4. 'Intel(R) HD Graphics 4600' (P:0 D:1)
[2019.06.20-20.32.30:242][  0]LogWindows:    5. 'Intel(R) HD Graphics 4600' (P:0 D:0)
[2019.06.20-20.32.30:242][  0]LogWindows:    6. 'Intel(R) HD Graphics 4600' (P:0 D:0)
[2019.06.20-20.32.30:242][  0]LogWindows: DebugString: PrimaryIsNotTheChoosenAdapter PrimaryIsNotTheChoosenAdapter PrimaryIsNotTheChoosenAdapter FoundDriverCount:4 
[2019.06.20-20.32.30:242][  0]LogD3D11RHI:     Adapter Name: NVIDIA GeForce GTX 970
[2019.06.20-20.32.30:242][  0]LogD3D11RHI:   Driver Version: 418.81 (internal:25.21.14.1881, unified:418.81)
[2019.06.20-20.32.30:242][  0]LogD3D11RHI:      Driver Date: 1-30-2019
[2019.06.20-20.32.30:242][  0]LogRHI: Texture pool is 2830 MB (70% of 4043 MB)
[2019.06.20-20.32.30:286][  0]LogD3D11RHI: Async texture creation enabled
[2019.06.20-20.32.30:308][  0]LogD3D11RHI: GPU Timing Frequency: 1000.000000 (Debug: 2 1)
[2019.06.20-20.32.30:311][  0]LogShaderCompilers: Guid format shader working directory is -4 characters bigger than the processId version (../../../../../GitHub/UOPGameJam2019/UoP_GJ_ADPD/Intermediate/Shaders/WorkingDirectory/16216/).
[2019.06.20-20.32.30:311][  0]LogShaderCompilers: Cleaned the shader compiler working directory 'C:/Users/Thai/AppData/Local/Temp/UnrealShaderWorkingDir/15CA7282466E8C7A8C57D8A09B599929/'.
[2019.06.20-20.32.30:625][  0]LogTemp: Display: Loaded TP WindowsClientTargetPlatform
[2019.06.20-20.32.30:639][  0]LogTemp: Display: Loaded TP WindowsNoEditorTargetPlatform
[2019.06.20-20.32.30:653][  0]LogTemp: Display: Loaded TP WindowsServerTargetPlatform
[2019.06.20-20.32.30:667][  0]LogTemp: Display: Loaded TP WindowsTargetPlatform
[2019.06.20-20.32.30:667][  0]LogTargetPlatformManager: Display: Building Assets For Windows
[2019.06.20-20.32.30:736][  0]LogXGEController: Cannot use XGE Controller as Incredibuild is not installed on this machine.
[2019.06.20-20.32.30:736][  0]LogShaderCompilers: Cannot use XGE Shader Compiler as Incredibuild is not installed on this machine.
[2019.06.20-20.32.30:736][  0]LogShaderCompilers: Display: Using Local Shader Compiler.
[2019.06.20-20.32.31:508][  0]LogDerivedDataCache: Display: Max Cache Size: 512 MB
[2019.06.20-20.32.31:592][  0]LogDerivedDataCache: Loaded boot cache 0.08s 71MB C:/Users/Thai/AppData/Local/UnrealEngine/4.20/DerivedDataCache/Boot.ddc.
[2019.06.20-20.32.31:593][  0]LogDerivedDataCache: Display: Loaded Boot cache: C:/Users/Thai/AppData/Local/UnrealEngine/4.20/DerivedDataCache/Boot.ddc
[2019.06.20-20.32.31:593][  0]LogDerivedDataCache: FDerivedDataBackendGraph:  Pak pak cache file ../../../../../GitHub/UOPGameJam2019/UoP_GJ_ADPD/DerivedDataCache/DDC.ddp not found, will not use a pak cache.
[2019.06.20-20.32.31:593][  0]LogDerivedDataCache: Unable to find inner node Pak for hierarchical cache Hierarchy.
[2019.06.20-20.32.31:593][  0]LogDerivedDataCache: FDerivedDataBackendGraph:  CompressedPak pak cache file ../../../../../GitHub/UOPGameJam2019/UoP_GJ_ADPD/DerivedDataCache/Compressed.ddp not found, will not use a pak cache.
[2019.06.20-20.32.31:593][  0]LogDerivedDataCache: Unable to find inner node CompressedPak for hierarchical cache Hierarchy.
[2019.06.20-20.32.31:609][  0]LogDerivedDataCache: Display: Pak cache opened for reading ../../../Engine/DerivedDataCache/Compressed.ddp.
[2019.06.20-20.32.31:623][  0]LogDerivedDataCache: Using Local data cache path C:/Users/Thai/AppData/Local/UnrealEngine/Common/DerivedDataCache: Writable
[2019.06.20-20.32.31:623][  0]LogDerivedDataCache: Shared data cache path not found in *engine.ini, will not use an Shared cache.
[2019.06.20-20.32.31:623][  0]LogDerivedDataCache: Unable to find inner node Shared for hierarchical cache Hierarchy.
[2019.06.20-20.32.31:643][  0]LogMaterial: Verifying Global Shaders for PCD3D_SM5
[2019.06.20-20.32.31:657][  0]LogSlate: Using FreeType 2.6.0
[2019.06.20-20.32.31:658][  0]LogSlate: SlateFontServices - WITH_FREETYPE: 1, WITH_HARFBUZZ: 1
[2019.06.20-20.32.31:702][  0]LogInit: Using OS detected language (en-US).
[2019.06.20-20.32.31:702][  0]LogInit: Using OS detected locale (en-US).
[2019.06.20-20.32.31:702][  0]LogTextLocalizationManager: No localization for 'en-US' exists, so 'en' will be used for the language.
[2019.06.20-20.32.31:702][  0]LogTextLocalizationManager: No localization for 'en-US' exists, so 'en' will be used for the locale.
[2019.06.20-20.32.32:059][  0]LogStreaming: Display: Took  0.357s to InitGameTextLocalization.
[2019.06.20-20.32.32:067][  0]LogAssetRegistry: FAssetRegistry took 0.0041 seconds to start up
[2019.06.20-20.32.32:266][  0]LogPackageLocalizationCache: Processed 11 localized package path(s) for 1 prioritized culture(s) in 0.014711 seconds
[2019.06.20-20.32.32:365][  0]LogInit: Selected Device Profile: [Windows]
[2019.06.20-20.32.32:413][  0]LogSimplygon: Simplygon DLL not present - disabling.
[2019.06.20-20.32.32:417][  0]LogMeshReduction: Using SimplygonSwarm for distributed automatic mesh merging
[2019.06.20-20.32.32:417][  0]LogMeshReduction: Using ProxyLODMeshReduction for automatic mesh merging
[2019.06.20-20.32.32:417][  0]LogMeshReduction: Using QuadricMeshReduction for automatic static mesh reduction
[2019.06.20-20.32.32:417][  0]LogMeshReduction: No automatic skeletal mesh reduction module available
[2019.06.20-20.32.32:524][  0]LogNetVersion: UoP_GJ_ADPD 1.0.0, NetCL: 4212847, EngineNetVer: 5, GameNetVer: 0 (Checksum: 1957226317)
[2019.06.20-20.32.33:049][  0]LogMoviePlayer: Initializing movie player
[2019.06.20-20.32.33:325][  0]LogTcpMessaging: Initializing TcpMessaging bridge
[2019.06.20-20.32.33:338][  0]LogUdpMessaging: Initializing bridge on interface 0.0.0.0:0 to multicast group 230.0.0.1:6666.
[2019.06.20-20.32.33:419][  0]LogCollectionManager: Loaded 0 collections in 0.001950 seconds
[2019.06.20-20.32.33:457][  0]LogFileCache: Scanning file cache for directory 'F:/GitHub/UOPGameJam2019/UoP_GJ_ADPD/Saved/Collections/' took 0.01s
[2019.06.20-20.32.33:457][  0]LogFileCache: Scanning file cache for directory 'F:/GitHub/UOPGameJam2019/UoP_GJ_ADPD/Content/Developers/Thai/Collections/' took 0.01s
[2019.06.20-20.32.33:457][  0]LogFileCache: Scanning file cache for directory 'F:/GitHub/UOPGameJam2019/UoP_GJ_ADPD/Content/Collections/' took 0.01s
[2019.06.20-20.32.33:457][  0]LogCollectionManager: Rebuilt the object cache for 0 collections in 0.000000 seconds (found 0 objects)
[2019.06.20-20.32.33:457][  0]LogCollectionManager: Fixed up redirectors for 0 collections in 0.000091 seconds (updated 0 objects)
[2019.06.20-20.32.33:512][  0]SourceControl: Source control is disabled
[2019.06.20-20.32.33:512][  0]SourceControl: Source control is disabled
[2019.06.20-20.32.33:513][  0]SourceControl: Source control is disabled
[2019.06.20-20.32.33:634][  0]LogAndroidPermission: UAndroidPermissionCallbackProxy::GetInstance
[2019.06.20-20.32.33:822][  0]LogOcInput: OculusInput pre-init called
[2019.06.20-20.32.33:832][  0]LogUObjectArray: 42301 objects as part of root set at end of initial load.
[2019.06.20-20.32.33:832][  0]LogUObjectAllocator: 7462288 out of 0 bytes used by permanent object pool.
[2019.06.20-20.32.33:832][  0]LogUObjectArray: CloseDisregardForGC: 0/0 objects in disregard for GC pool
[2019.06.20-20.32.33:887][  0]LogEngine: Initializing Engine...
[2019.06.20-20.32.33:911][  0]LogHMD: Failed to initialize OpenVR with code 126
[2019.06.20-20.32.33:924][  0]LogStats: UGameplayTagsManager::ConstructGameplayTagTree: ImportINI prefixes -  0.000 s
[2019.06.20-20.32.33:924][  0]LogStats: UGameplayTagsManager::ConstructGameplayTagTree: Construct from data asset -  0.000 s
[2019.06.20-20.32.33:924][  0]LogStats: UGameplayTagsManager::ConstructGameplayTagTree: ImportINI -  0.000 s
[2019.06.20-20.32.33:924][  0]LogStats: UGameplayTagsManager::ConstructGameplayTagTree: GameplayTagTreeChangedEvent.Broadcast -  0.000 s
[2019.06.20-20.32.34:095][  0]LogInit: Initializing FReadOnlyCVARCache
[2019.06.20-20.32.34:139][  0]LogInit: XAudio2 using 'Speakers (Realtek High Definition Audio)' : 2 channels at 48 kHz using 32 bits per sample (channel mask 0x3)
[2019.06.20-20.32.34:168][  0]LogInit: FAudioDevice initialized.
[2019.06.20-20.32.34:187][  0]LogNetVersion: Set ProjectVersion to 1.0.0.0. Version Checksum will be recalculated on next use.
[2019.06.20-20.32.34:187][  0]LogInit: Texture streaming: Enabled
[2019.06.20-20.32.34:693][  0]LogSlate: Updating window title bar state: overlay mode, drag disabled, window buttons hidden, title bar hidden
[2019.06.20-20.32.34:694][  0]LogInit: Display: Game Engine Initialized.
[2019.06.20-20.32.34:694][  0]LogGameplayTags: Display: UGameplayTagsManager::DoneAddingNativeTags. DelegateIsBound: 0
[2019.06.20-20.32.34:694][  0]LogStats: UGameplayTagsManager::ConstructGameplayTagTree: ImportINI prefixes -  0.000 s
[2019.06.20-20.32.34:694][  0]LogStats: UGameplayTagsManager::ConstructGameplayTagTree: Construct from data asset -  0.000 s
[2019.06.20-20.32.34:694][  0]LogStats: UGameplayTagsManager::ConstructGameplayTagTree: ImportINI -  0.000 s
[2019.06.20-20.32.34:694][  0]LogStats: UGameplayTagsManager::ConstructGameplayTagTree: GameplayTagTreeChangedEvent.Broadcast -  0.000 s
[2019.06.20-20.32.34:733][  0]LogInit: Display: Starting Game.
[2019.06.20-20.32.34:743][  0]LogNet: Browse: /Game/TopDownBP/Maps/TopDownExampleMap?Name=Player
[2019.06.20-20.32.34:751][  0]LogLoad: LoadMap: /Game/TopDownBP/Maps/TopDownExampleMap?Name=Player
[2019.06.20-20.32.36:434][  0]LogAIModule: Creating AISystem for world TopDownExampleMap
[2019.06.20-20.32.36:434][  0]LogLoad: Game class is 'TopDownGameMode_C'
[2019.06.20-20.32.37:029][  0]LogWorld: Bringing World /Game/TopDownBP/Maps/TopDownExampleMap.TopDownExampleMap up for play (max tick rate 0) at 2019.06.20-21.32.37
[2019.06.20-20.32.37:049][  0]LogWorld: Bringing up level for play took: 0.613503
[2019.06.20-20.32.37:091][  0]LogLoad: Took 2.340491 seconds to LoadMap(/Game/TopDownBP/Maps/TopDownExampleMap)
[2019.06.20-20.32.37:194][  0]LogRenderer: Reallocating scene render targets to support 1280x720 Format 10 NumSamples 1 (Frame:1).
[2019.06.20-20.32.37:194][  0]LogLoad: (Engine Initialization) Total time: 9.71 seconds
[2019.06.20-20.32.37:194][  0]LogLoad: (Engine Initialization) Total Blueprint compile time: 0.00 seconds
[2019.06.20-20.32.37:266][  0]LogWindowsTextInputMethodSystem: Display: IME system now deactivated.
[2019.06.20-20.32.37:270][  0]LogContentStreaming: Texture pool size now 1000 MB
[2019.06.20-20.32.37:424][  1]LogPawn: Error: EnableInput can only be specified on a Pawn for its Controller
[2019.06.20-20.32.37:452][  2]LogPawn: Error: EnableInput can only be specified on a Pawn for its Controller
[2019.06.20-20.32.37:467][  3]LogPawn: Error: EnableInput can only be specified on a Pawn for its Controller
[2019.06.20-20.32.37:483][  4]LogPawn: Error: EnableInput can only be specified on a Pawn for its Controller
[2019.06.20-20.32.37:500][  5]LogPawn: Error: EnableInput can only be specified on a Pawn for its Controller
[2019.06.20-20.32.37:516][  6]LogPawn: Error: EnableInput can only be specified on a Pawn for its Controller
[2019.06.20-20.32.37:532][  7]LogPawn: Error: EnableInput can only be specified on a Pawn for its Controller
[2019.06.20-20.32.37:549][  8]LogPawn: Error: EnableInput can only be specified on a Pawn for its Controller
[2019.06.20-20.32.37:566][  9]LogPawn: Error: EnableInput can only be specified on a Pawn for its Controller
[2019.06.20-20.32.37:581][ 10]LogPawn: Error: EnableInput can only be specified on a Pawn for its Controller
[2019.06.20-20.32.37:599][ 11]LogPawn: Error: EnableInput can only be specified on a Pawn for its Controller
[2019.06.20-20.32.37:616][ 12]LogPawn: Error: EnableInput can only be specified on a Pawn for its Controller
[2019.06.20-20.32.37:634][ 13]LogPawn: Error: EnableInput can only be specified on a Pawn for its Controller
[2019.06.20-20.32.37:649][ 14]LogPawn: Error: EnableInput can only be specified on a Pawn for its Controller
[2019.06.20-20.32.37:665][ 15]LogPawn: Error: EnableInput can only be specified on a Pawn for its Controller
[2019.06.20-20.32.37:681][ 16]LogPawn: Error: EnableInput can only be specified on a Pawn for its Controller
[2019.06.20-20.32.37:697][ 17]LogPawn: Error: EnableInput can only be specified on a Pawn for its Controller
[2019.06.20-20.32.37:714][ 18]LogPawn: Error: EnableInput can only be specified on a Pawn for its Controller
[2019.06.20-20.32.37:730][ 19]LogPawn: Error: EnableInput can only be specified on a Pawn for its Controller
[2019.06.20-20.32.37:747][ 20]LogPawn: Error: EnableInput can only be specified on a Pawn for its Controller
[2019.06.20-20.32.37:765][ 21]LogPawn: Error: EnableInput can only be specified on a Pawn for its Controller
[2019.06.20-20.32.37:780][ 22]LogPawn: Error: EnableInput can only be specified on a Pawn for its Controller
[2019.06.20-20.32.37:798][ 23]LogPawn: Error: EnableInput can only be specified on a Pawn for its Controller
[2019.06.20-20.32.37:812][ 24]LogPawn: Error: EnableInput can only be specified on a Pawn for its Controller
[2019.06.20-20.32.37:829][ 25]LogPawn: Error: EnableInput can only be specified on a Pawn for its Controller
[2019.06.20-20.32.37:844][ 26]LogPawn: Error: EnableInput can only be specified on a Pawn for its Controller
[2019.06.20-20.32.37:860][ 27]LogPawn: Error: EnableInput can only be specified on a Pawn for its Controller
[2019.06.20-20.32.37:877][ 28]LogPawn: Error: EnableInput can only be specified on a Pawn for its Controller
[2019.06.20-20.32.37:893][ 29]LogPawn: Error: EnableInput can only be specified on a Pawn for its Controller
[2019.06.20-20.32.37:909][ 30]LogPawn: Error: EnableInput can only be specified on a Pawn for its Controller
[2019.06.20-20.32.37:925][ 31]LogPawn: Error: EnableInput can only be specified on a Pawn for its Controller
[2019.06.20-20.32.37:941][ 32]LogPawn: Error: EnableInput can only be specified on a Pawn for its Controller
[2019.06.20-20.32.37:957][ 33]LogPawn: Error: EnableInput can only be specified on a Pawn for its Controller
[2019.06.20-20.32.37:973][ 34]LogPawn: Error: EnableInput can only be specified on a Pawn for its Controller
[2019.06.20-20.32.37:991][ 35]LogPawn: Error: EnableInput can only be specified on a Pawn for its Controller
[2019.06.20-20.32.38:005][ 36]LogPawn: Error: EnableInput can only be specified on a Pawn for its Controller
[2019.06.20-20.32.38:022][ 37]LogPawn: Error: EnableInput can only be specified on a Pawn for its Controller
[2019.06.20-20.32.38:038][ 38]LogPawn: Error: EnableInput can only be specified on a Pawn for its Controller
[2019.06.20-20.32.38:054][ 39]LogPawn: Error: EnableInput can only be specified on a Pawn for its Controller
[2019.06.20-20.32.38:070][ 40]LogPawn: Error: EnableInput can only be specified on a Pawn for its Controller
[2019.06.20-20.32.38:086][ 41]LogPawn: Error: EnableInput can only be specified on a Pawn for its Controller
[2019.06.20-20.32.38:102][ 42]LogPawn: Error: EnableInput can only be specified on a Pawn for its Controller
[2019.06.20-20.32.38:119][ 43]LogPawn: Error: EnableInput can only be specified on a Pawn for its Controller
[2019.06.20-20.32.38:135][ 44]LogPawn: Error: EnableInput can only be specified on a Pawn for its Controller
[2019.06.20-20.32.38:151][ 45]LogPawn: Error: EnableInput can only be specified on a Pawn for its Controller
[2019.06.20-20.32.38:167][ 46]LogPawn: Error: EnableInput can only be specified on a Pawn for its Controller
[2019.06.20-20.32.38:183][ 47]LogPawn: Error: EnableInput can only be specified on a Pawn for its Controller
[2019.06.20-20.32.38:199][ 48]LogPawn: Error: EnableInput can only be specified on a Pawn for its Controller
[2019.06.20-20.32.38:215][ 49]LogPawn: Error: EnableInput can only be specified on a Pawn for its Controller
[2019.06.20-20.32.38:232][ 50]LogPawn: Error: EnableInput can only be specified on a Pawn for its Controller
[2019.06.20-20.32.38:248][ 51]LogPawn: Error: EnableInput can only be specified on a Pawn for its Controller
[2019.06.20-20.32.38:264][ 52]LogPawn: Error: EnableInput can only be specified on a Pawn for its Controller
[2019.06.20-20.32.38:280][ 53]LogPawn: Error: EnableInput can only be specified on a Pawn for its Controller
[2019.06.20-20.32.38:296][ 54]LogPawn: Error: EnableInput can only be specified on a Pawn for its Controller
[2019.06.20-20.32.38:312][ 55]LogPawn: Error: EnableInput can only be specified on a Pawn for its Controller
[2019.06.20-20.32.38:328][ 56]LogPawn: Error: EnableInput can only be specified on a Pawn for its Controller
[2019.06.20-20.32.38:344][ 57]LogPawn: Error: EnableInput can only be specified on a Pawn for its Controller
[2019.06.20-20.32.38:361][ 58]LogPawn: Error: EnableInput can only be specified on a Pawn for its Controller
[2019.06.20-20.32.38:377][ 59]LogPawn: Error: EnableInput can only be specified on a Pawn for its Controller
[2019.06.20-20.32.38:393][ 60]LogPawn: Error: EnableInput can only be specified on a Pawn for its Controller
[2019.06.20-20.32.38:409][ 61]LogPawn: Error: EnableInput can only be specified on a Pawn for its Controller
[2019.06.20-20.32.38:426][ 62]LogPawn: Error: EnableInput can only be specified on a Pawn for its Controller
[2019.06.20-20.32.38:442][ 63]LogPawn: Error: EnableInput can only be specified on a Pawn for its Controller
[2019.06.20-20.32.38:458][ 64]LogPawn: Error: EnableInput can only be specified on a Pawn for its Controller
[2019.06.20-20.32.38:474][ 65]LogPawn: Error: EnableInput can only be specified on a Pawn for its Controller
[2019.06.20-20.32.38:490][ 66]LogPawn: Error: EnableInput can only be specified on a Pawn for its Controller
[2019.06.20-20.32.38:506][ 67]LogPawn: Error: EnableInput can only be specified on a Pawn for its Controller
[2019.06.20-20.32.38:522][ 68]LogPawn: Error: EnableInput can only be specified on a Pawn for its Controller
[2019.06.20-20.32.38:538][ 69]LogPawn: Error: EnableInput can only be specified on a Pawn for its Controller
[2019.06.20-20.32.38:554][ 70]LogPawn: Error: EnableInput can only be specified on a Pawn for its Controller
[2019.06.20-20.32.38:570][ 71]LogPawn: Error: EnableInput can only be specified on a Pawn for its Controller
[2019.06.20-20.32.38:587][ 72]LogPawn: Error: EnableInput can only be specified on a Pawn for its Controller
[2019.06.20-20.32.38:603][ 73]LogPawn: Error: EnableInput can only be specified on a Pawn for its Controller
[2019.06.20-20.32.38:619][ 74]LogPawn: Error: EnableInput can only be specified on a Pawn for its Controller
[2019.06.20-20.32.38:635][ 75]LogPawn: Error: EnableInput can only be specified on a Pawn for its Controller
[2019.06.20-20.32.38:651][ 76]LogPawn: Error: EnableInput can only be specified on a Pawn for its Controller
[2019.06.20-20.32.38:667][ 77]LogPawn: Error: EnableInput can only be specified on a Pawn for its Controller
[2019.06.20-20.32.38:683][ 78]LogPawn: Error: EnableInput can only be specified on a Pawn for its Controller
[2019.06.20-20.32.38:700][ 79]LogPawn: Error: EnableInput can only be specified on a Pawn for its Controller
[2019.06.20-20.32.38:716][ 80]LogPawn: Error: EnableInput can only be specified on a Pawn for its Controller
[2019.06.20-20.32.38:732][ 81]LogPawn: Error: EnableInput can only be specified on a Pawn for its Controller
[2019.06.20-20.32.38:748][ 82]LogPawn: Error: EnableInput can only be specified on a Pawn for its Controller
[2019.06.20-20.32.38:764][ 83]LogPawn: Error: EnableInput can only be specified on a Pawn for its Controller
[2019.06.20-20.32.38:780][ 84]LogPawn: Error: EnableInput can only be specified on a Pawn for its Controller
[2019.06.20-20.32.38:797][ 85]LogPawn: Error: EnableInput can only be specified on a Pawn for its Controller
[2019.06.20-20.32.38:813][ 86]LogPawn: Error: EnableInput can only be specified on a Pawn for its Controller
[2019.06.20-20.32.38:829][ 87]LogPawn: Error: EnableInput can only be specified on a Pawn for its Controller
[2019.06.20-20.32.38:845][ 88]LogPawn: Error: EnableInput can only be specified on a Pawn for its Controller
[2019.06.20-20.32.38:861][ 89]LogPawn: Error: EnableInput can only be specified on a Pawn for its Controller
[2019.06.20-20.32.38:877][ 90]LogPawn: Error: EnableInput can only be specified on a Pawn for its Controller
[2019.06.20-20.32.38:910][ 91]LogPawn: Error: EnableInput can only be specified on a Pawn for its Controller
[2019.06.20-20.32.38:912][ 92]LogPawn: Error: EnableInput can only be specified on a Pawn for its Controller
[2019.06.20-20.32.38:929][ 93]LogPawn: Error: EnableInput can only be specified on a Pawn for its Controller
[2019.06.20-20.32.38:945][ 94]LogPawn: Error: EnableInput can only be specified on a Pawn for its Controller
[2019.06.20-20.32.38:961][ 95]LogPawn: Error: EnableInput can only be specified on a Pawn for its Controller
[2019.06.20-20.32.38:977][ 96]LogPawn: Error: EnableInput can only be specified on a Pawn for its Controller
[2019.06.20-20.32.38:993][ 97]LogPawn: Error: EnableInput can only be specified on a Pawn for its Controller
[2019.06.20-20.32.39:009][ 98]LogPawn: Error: EnableInput can only be specified on a Pawn for its Controller
[2019.06.20-20.32.39:025][ 99]LogPawn: Error: EnableInput can only be specified on a Pawn for its Controller
[2019.06.20-20.32.39:041][100]LogPawn: Error: EnableInput can only be specified on a Pawn for its Controller
[2019.06.20-20.32.39:058][101]LogPawn: Error: EnableInput can only be specified on a Pawn for its Controller
[2019.06.20-20.32.39:074][102]LogPawn: Error: EnableInput can only be specified on a Pawn for its Controller
[2019.06.20-20.32.39:090][103]LogPawn: Error: EnableInput can only be specified on a Pawn for its Controller
[2019.06.20-20.32.39:106][104]LogPawn: Error: EnableInput can only be specified on a Pawn for its Controller
[2019.06.20-20.32.39:122][105]LogPawn: Error: EnableInput can only be specified on a Pawn for its Controller
[2019.06.20-20.32.39:139][106]LogPawn: Error: EnableInput can only be specified on a Pawn for its Controller
[2019.06.20-20.32.39:155][107]LogPawn: Error: EnableInput can only be specified on a Pawn for its Controller
[2019.06.20-20.32.39:171][108]LogPawn: Error: EnableInput can only be specified on a Pawn for its Controller
[2019.06.20-20.32.39:187][109]LogPawn: Error: EnableInput can only be specified on a Pawn for its Controller
[2019.06.20-20.32.39:203][110]LogPawn: Error: EnableInput can only be specified on a Pawn for its Controller
[2019.06.20-20.32.39:219][111]LogPawn: Error: EnableInput can only be specified on a Pawn for its Controller
[2019.06.20-20.32.39:235][112]LogPawn: Error: EnableInput can only be specified on a Pawn for its Controller
[2019.06.20-20.32.39:251][113]LogPawn: Error: EnableInput can only be specified on a Pawn for its Controller
[2019.06.20-20.32.39:267][114]LogPawn: Error: EnableInput can only be specified on a Pawn for its Controller
[2019.06.20-20.32.39:282][115]LogPawn: Error: EnableInput can only be specified on a Pawn for its Controller
[2019.06.20-20.32.39:299][116]LogPawn: Error: EnableInput can only be specified on a Pawn for its Controller
[2019.06.20-20.32.39:315][117]LogPawn: Error: EnableInput can only be specified on a Pawn for its Controller
[2019.06.20-20.32.39:331][118]LogPawn: Error: EnableInput can only be specified on a Pawn for its Controller
[2019.06.20-20.32.39:347][119]LogPawn: Error: EnableInput can only be specified on a Pawn for its Controller
[2019.06.20-20.32.39:363][120]LogPawn: Error: EnableInput can only be specified on a Pawn for its Controller
[2019.06.20-20.32.39:379][121]LogPawn: Error: EnableInput can only be specified on a Pawn for its Controller
[2019.06.20-20.32.39:396][122]LogPawn: Error: EnableInput can only be specified on a Pawn for its Controller
[2019.06.20-20.32.39:412][123]LogPawn: Error: EnableInput can only be specified on a Pawn for its Controller
[2019.06.20-20.32.39:428][124]LogPawn: Error: EnableInput can only be specified on a Pawn for its Controller
[2019.06.20-20.32.39:444][125]LogPawn: Error: EnableInput can only be specified on a Pawn for its Controller
[2019.06.20-20.32.39:460][126]LogPawn: Error: EnableInput can only be specified on a Pawn for its Controller
[2019.06.20-20.32.39:477][127]LogPawn: Error: EnableInput can only be specified on a Pawn for its Controller
[2019.06.20-20.32.39:492][128]LogPawn: Error: EnableInput can only be specified on a Pawn for its Controller
[2019.06.20-20.32.39:630][129]LogSlate: Window 'Hurricane Peep GameJam2019 ' being destroyed
[2019.06.20-20.32.39:631][129]LogWindowsTextInputMethodSystem: Display: IME system now deactivated.
[2019.06.20-20.32.39:635][129]LogWindowsTextInputMethodSystem: Display: IME system now deactivated.
[2019.06.20-20.32.39:636][129]LogSlate: Updating window title bar state: overlay mode, drag disabled, window buttons hidden, title bar hidden
[2019.06.20-20.32.39:636][129]LogEngine: All Windows Closed
[2019.06.20-20.32.39:655][129]LogWindows: FPlatformMisc::RequestExit(0)
[2019.06.20-20.32.39:988][130]LogExit: Preparing to exit.
[2019.06.20-20.32.39:999][130]LogMoviePlayer: Shutting down movie player
[2019.06.20-20.32.40:630][130]LogSlate: Updating window title bar state: overlay mode, drag disabled, window buttons hidden, title bar hidden
[2019.06.20-20.32.40:759][130]LogExit: Game engine shut down
[2019.06.20-20.32.42:517][130]LogExit: Object subsystem successfully closed.
[2019.06.20-20.32.42:652][130]LogShaderCompilers: Display: Shaders left to compile 0
[2019.06.20-20.32.42:678][130]LogD3D11RHI: Shutdown
[2019.06.20-20.32.42:678][130]LogD3D11RHI: CleanupD3DDevice
[2019.06.20-20.32.42:734][130]LogD3D11RHI: ~FD3D11DynamicRHI
[2019.06.20-20.32.43:336][130]LogModuleManager: Shutting down and abandoning module SequenceRecorderSections (384)
[2019.06.20-20.32.43:344][130]LogModuleManager: Shutting down and abandoning module SequenceRecorder (382)
[2019.06.20-20.32.43:344][130]LogModuleManager: Shutting down and abandoning module AutomationController (380)
[2019.06.20-20.32.43:370][130]LogModuleManager: Shutting down and abandoning module AutomationWorker (378)
[2019.06.20-20.32.43:370][130]LogModuleManager: Shutting down and abandoning module Voice (376)
[2019.06.20-20.32.43:384][130]LogModuleManager: Shutting down and abandoning module AIModule (374)
[2019.06.20-20.32.43:400][130]LogModuleManager: Shutting down and abandoning module GameplayDebugger (373)
[2019.06.20-20.32.43:417][130]LogModuleManager: Shutting down and abandoning module AITestSuite (371)
[2019.06.20-20.32.43:424][130]LogModuleManager: Shutting down and abandoning module NavigationSystem (369)
[2019.06.20-20.32.43:424][130]LogModuleManager: Shutting down and abandoning module WmfMediaFactory (366)
[2019.06.20-20.32.43:424][130]LogModuleManager: Shutting down and abandoning module OpenExrWrapper (364)
[2019.06.20-20.32.43:424][130]LogModuleManager: Shutting down and abandoning module ImgMediaFactory (362)
[2019.06.20-20.32.43:424][130]LogModuleManager: Shutting down and abandoning module AvfMediaFactory (360)
[2019.06.20-20.32.43:424][130]LogModuleManager: Shutting down and abandoning module MagicLeapCameraPreviewFactory (358)
[2019.06.20-20.32.43:424][130]LogModuleManager: Shutting down and abandoning module MagicLeapMediaFactory (356)
[2019.06.20-20.32.43:424][130]LogModuleManager: Shutting down and abandoning module CharacterAI (354)
[2019.06.20-20.32.43:424][130]LogModuleManager: Shutting down and abandoning module SessionServices (352)
[2019.06.20-20.32.43:424][130]LogModuleManager: Shutting down and abandoning module MovieSceneCapture (350)
[2019.06.20-20.32.43:424][130]LogModuleManager: Shutting down and abandoning module MovieSceneTracks (348)
[2019.06.20-20.32.43:424][130]LogModuleManager: Shutting down and abandoning module MovieScene (346)
[2019.06.20-20.32.43:432][130]LogModuleManager: Shutting down and abandoning module StreamingPauseRendering (344)
[2019.06.20-20.32.43:440][130]LogModuleManager: Shutting down and abandoning module PortalServices (342)
[2019.06.20-20.32.43:440][130]LogModuleManager: Shutting down and abandoning module PortalRpc (340)
[2019.06.20-20.32.43:440][130]LogModuleManager: Shutting down and abandoning module MessagingRpc (338)
[2019.06.20-20.32.43:440][130]LogModuleManager: Shutting down and abandoning module ProfilerService (336)
[2019.06.20-20.32.43:624][130]LogModuleManager: Shutting down and abandoning module TaskGraph (334)
[2019.06.20-20.32.43:653][130]LogModuleManager: Shutting down and abandoning module SteamVRController (332)
[2019.06.20-20.32.43:653][130]LogModuleManager: Shutting down and abandoning module ProceduralMeshComponent (330)
[2019.06.20-20.32.43:663][130]LogModuleManager: Shutting down and abandoning module OculusInput (328)
[2019.06.20-20.32.43:663][130]LogModuleManager: Shutting down and abandoning module MobilePatchingUtils (326)
[2019.06.20-20.32.43:663][130]LogModuleManager: Shutting down and abandoning module EditableMesh (324)
[2019.06.20-20.32.43:664][130]LogModuleManager: Shutting down and abandoning module CustomMeshComponent (322)
[2019.06.20-20.32.43:664][130]LogModuleManager: Shutting down and abandoning module CableComponent (320)
[2019.06.20-20.32.43:664][130]LogModuleManager: Shutting down and abandoning module AudioCapture (318)
[2019.06.20-20.32.43:664][130]LogModuleManager: Shutting down and abandoning module ArchVisCharacter (316)
[2019.06.20-20.32.43:664][130]LogModuleManager: Shutting down and abandoning module AndroidPermission (314)
[2019.06.20-20.32.43:664][130]LogModuleManager: Shutting down and abandoning module NUTUnrealEngine4 (312)
[2019.06.20-20.32.43:664][130]LogModuleManager: Shutting down and abandoning module NetcodeUnitTest (310)
[2019.06.20-20.32.43:687][130]LogModuleManager: Shutting down and abandoning module MediaCompositing (308)
[2019.06.20-20.32.43:687][130]LogModuleManager: Shutting down and abandoning module LinearTimecode (306)
[2019.06.20-20.32.43:687][130]LogModuleManager: Shutting down and abandoning module ImgMedia (304)
[2019.06.20-20.32.43:702][130]LogModuleManager: Shutting down and abandoning module HTML5Networking (302)
[2019.06.20-20.32.43:702][130]LogModuleManager: Shutting down and abandoning module GeometryCacheTracks (300)
[2019.06.20-20.32.43:702][130]LogModuleManager: Shutting down and abandoning module GeometryCacheSequencer (299)
[2019.06.20-20.32.43:702][130]LogModuleManager: Shutting down and abandoning module GeometryCache (296)
[2019.06.20-20.32.43:702][130]LogModuleManager: Shutting down and abandoning module GeometryCacheEd (295)
[2019.06.20-20.32.43:702][130]LogModuleManager: Shutting down and abandoning module BackChannel (292)
[2019.06.20-20.32.43:726][130]LogModuleManager: Shutting down and abandoning module AppleVision (290)
[2019.06.20-20.32.43:726][130]LogModuleManager: Shutting down and abandoning module AppleImageUtils (288)
[2019.06.20-20.32.43:726][130]LogModuleManager: Shutting down and abandoning module DatasmithContent (286)
[2019.06.20-20.32.43:727][130]LogModuleManager: Shutting down and abandoning module CryptoKeysOpenSSL (284)
[2019.06.20-20.32.43:736][130]LogModuleManager: Shutting down and abandoning module CryptoKeys (282)
[2019.06.20-20.32.43:736][130]LogModuleManager: Shutting down and abandoning module VisualStudioSourceCodeAccess (280)
[2019.06.20-20.32.43:736][130]LogModuleManager: Shutting down and abandoning module HotReload (279)
[2019.06.20-20.32.43:745][130]LogModuleManager: Shutting down and abandoning module VisualStudioCodeSourceCodeAccess (276)
[2019.06.20-20.32.43:746][130]LogModuleManager: Shutting down and abandoning module UObjectPlugin (274)
[2019.06.20-20.32.43:746][130]LogModuleManager: Shutting down and abandoning module SubversionSourceControl (272)
[2019.06.20-20.32.43:765][130]LogModuleManager: Shutting down and abandoning module PerforceSourceControl (270)
[2019.06.20-20.32.43:792][130]LogModuleManager: Shutting down and abandoning module SourceControl (269)
[2019.06.20-20.32.43:804][130]LogModuleManager: Shutting down and abandoning module CLionSourceCodeAccess (266)
[2019.06.20-20.32.43:804][130]LogModuleManager: Shutting down and abandoning module RuntimePhysXCooking (264)
[2019.06.20-20.32.43:804][130]LogModuleManager: Shutting down and abandoning module PhysXVehiclesEditor (262)
[2019.06.20-20.32.43:804][130]LogModuleManager: Shutting down and abandoning module PhysXVehicles (260)
[2019.06.20-20.32.43:804][130]LogModuleManager: Shutting down and abandoning module LocationServicesBPLibrary (258)
[2019.06.20-20.32.43:804][130]LogModuleManager: Shutting down and abandoning module ImmediatePhysicsEditor (256)
[2019.06.20-20.32.43:804][130]LogModuleManager: Shutting down and abandoning module ImmediatePhysics (254)
[2019.06.20-20.32.43:810][130]LogModuleManager: Shutting down and abandoning module ApexDestructionEditor (252)
[2019.06.20-20.32.43:832][130]LogModuleManager: Shutting down and abandoning module ContentBrowser (251)
[2019.06.20-20.32.43:847][130]LogModuleManager: Shutting down and abandoning module CollectionManager (250)
[2019.06.20-20.32.43:874][130]LogModuleManager: Shutting down and abandoning module DirectoryWatcher (249)
[2019.06.20-20.32.43:874][130]LogModuleManager: Shutting down and abandoning module ApexDestruction (244)
[2019.06.20-20.32.43:885][130]LogModuleManager: Shutting down and abandoning module ActorSequence (242)
[2019.06.20-20.32.43:885][130]LogModuleManager: Shutting down and abandoning module UdpMessaging (240)
[2019.06.20-20.32.43:987][130]LogModuleManager: Shutting down and abandoning module TcpMessaging (238)
[2019.06.20-20.32.44:109][130]LogModuleManager: Shutting down and abandoning module MagicLeapAudio (236)
[2019.06.20-20.32.44:109][130]LogModuleManager: Shutting down and abandoning module GameplayTagsEditor (234)
[2019.06.20-20.32.44:122][130]LogModuleManager: Shutting down and abandoning module FacialAnimation (232)
[2019.06.20-20.32.44:122][130]LogModuleManager: Shutting down and abandoning module DataValidation (230)
[2019.06.20-20.32.44:122][130]LogModuleManager: Shutting down and abandoning module AssetManagerEditor (228)
[2019.06.20-20.32.44:128][130]LogModuleManager: Shutting down and abandoning module TreeMap (227)
[2019.06.20-20.32.44:147][130]LogModuleManager: Shutting down and abandoning module LightPropagationVolumeRuntime (224)
[2019.06.20-20.32.44:147][130]LogModuleManager: Shutting down and abandoning module AISupportModule (222)
[2019.06.20-20.32.44:147][130]LogModuleManager: Shutting down and abandoning module Paper2D (220)
[2019.06.20-20.32.44:147][130]LogModuleManager: Shutting down and abandoning module PIEPreviewDeviceProfileSelector (218)
[2019.06.20-20.32.44:148][130]LogModuleManager: Shutting down and abandoning module WindowsMoviePlayer (216)
[2019.06.20-20.32.44:156][130]LogModuleManager: Shutting down and abandoning module WmfMedia (214)
[2019.06.20-20.32.44:162][130]LogModuleManager: Shutting down and abandoning module Media (213)
[2019.06.20-20.32.44:168][130]LogModuleManager: Shutting down and abandoning module PacketHandler (210)
[2019.06.20-20.32.44:168][130]LogModuleManager: Shutting down and abandoning module ClothingSystemEditor (208)
[2019.06.20-20.32.44:168][130]LogModuleManager: Shutting down and abandoning module ClothingSystemRuntime (206)
[2019.06.20-20.32.44:182][130]LogModuleManager: Shutting down and abandoning module MediaAssets (204)
[2019.06.20-20.32.44:182][130]LogModuleManager: Shutting down and abandoning module Overlay (202)
[2019.06.20-20.32.44:182][130]LogModuleManager: Shutting down and abandoning module OverlayEditor (201)
[2019.06.20-20.32.44:182][130]LogModuleManager: Shutting down and abandoning module VREditor (198)
[2019.06.20-20.32.44:191][130]LogModuleManager: Shutting down and abandoning module StringTableEditor (196)
[2019.06.20-20.32.44:192][130]LogModuleManager: Shutting down and abandoning module GameplayTasksEditor (194)
[2019.06.20-20.32.44:192][130]LogModuleManager: Shutting down and abandoning module BehaviorTreeEditor (192)
[2019.06.20-20.32.44:299][130]LogModuleManager: Shutting down and abandoning module FunctionalTesting (190)
[2019.06.20-20.32.44:319][130]LogModuleManager: Shutting down and abandoning module CollisionAnalyzer (188)
[2019.06.20-20.32.44:338][130]LogModuleManager: Shutting down and abandoning module WorkspaceMenuStructure (187)
[2019.06.20-20.32.44:338][130]LogModuleManager: Shutting down and abandoning module UMG (184)
[2019.06.20-20.32.44:338][130]LogModuleManager: Shutting down and abandoning module UMGEditor (183)
[2019.06.20-20.32.44:363][130]LogModuleManager: Shutting down and abandoning module Sequencer (182)
[2019.06.20-20.32.44:388][130]LogModuleManager: Shutting down and abandoning module MessageLog (179)
[2019.06.20-20.32.44:399][130]LogModuleManager: Shutting down and abandoning module SlateReflector (174)
[2019.06.20-20.32.44:435][130]LogModuleManager: Shutting down and abandoning module Slate (172)
[2019.06.20-20.32.44:435][130]LogModuleManager: Shutting down and abandoning module EditorStyle (170)
[2019.06.20-20.32.44:437][130]LogModuleManager: Shutting down and abandoning module MRMesh (168)
[2019.06.20-20.32.44:447][130]LogModuleManager: Shutting down and abandoning module Messaging (166)
[2019.06.20-20.32.44:447][130]LogModuleManager: Shutting down and abandoning module SourceCodeAccess (164)
[2019.06.20-20.32.44:447][130]LogModuleManager: Shutting down and abandoning module HeadMountedDisplay (162)
[2019.06.20-20.32.44:447][130]LogModuleManager: Shutting down and abandoning module XAudio2 (160)
[2019.06.20-20.32.44:447][130]LogModuleManager: Shutting down and abandoning module Networking (158)
[2019.06.20-20.32.44:447][130]LogModuleManager: Shutting down and abandoning module Core (156)
[2019.06.20-20.32.44:447][130]LogModuleManager: Shutting down and abandoning module LevelSequence (154)
[2019.06.20-20.32.44:447][130]LogModuleManager: Shutting down and abandoning module KismetCompiler (152)
[2019.06.20-20.32.44:447][130]LogModuleManager: Shutting down and abandoning module MeshUtilities (150)
[2019.06.20-20.32.44:448][130]LogModuleManager: Shutting down and abandoning module MeshMergeUtilities (149)
[2019.06.20-20.32.44:457][130]LogModuleManager: Shutting down and abandoning module MeshReductionInterface (148)
[2019.06.20-20.32.44:457][130]LogModuleManager: Shutting down and abandoning module SimplygonSwarm (147)
[2019.06.20-20.32.44:472][130]LogModuleManager: Shutting down and abandoning module ProxyLODMeshReduction (145)
[2019.06.20-20.32.44:489][130]LogModuleManager: Shutting down and abandoning module SimplygonMeshReduction (143)
[2019.06.20-20.32.44:489][130]LogModuleManager: Shutting down and abandoning module QuadricMeshReduction (141)
[2019.06.20-20.32.44:504][130]LogModuleManager: Shutting down and abandoning module MaterialBaking (137)
[2019.06.20-20.32.44:512][130]LogModuleManager: Shutting down and abandoning module DerivedDataCache (132)
[2019.06.20-20.32.44:641][130]LogDerivedDataCache: Shutdown
[2019.06.20-20.32.44:641][130]LogModuleManager: Shutting down and abandoning module XGEController (130)
[2019.06.20-20.32.44:678][130]LogModuleManager: Shutting down and abandoning module TargetPlatform (128)
[2019.06.20-20.32.44:678][130]LogModuleManager: Shutting down and abandoning module VulkanShaderFormat (127)
[2019.06.20-20.32.44:691][130]LogModuleManager: Shutting down and abandoning module ShaderFormatVectorVM (125)
[2019.06.20-20.32.44:707][130]LogModuleManager: Shutting down and abandoning module ShaderFormatOpenGL (123)
[2019.06.20-20.32.44:716][130]LogModuleManager: Shutting down and abandoning module ShaderFormatD3D (121)
[2019.06.20-20.32.44:716][130]LogModuleManager: Shutting down and abandoning module MetalShaderFormat (119)
[2019.06.20-20.32.44:731][130]LogModuleManager: Shutting down and abandoning module TextureFormatUncompressed (117)
[2019.06.20-20.32.44:731][130]LogModuleManager: Shutting down and abandoning module TextureFormatPVR (115)
[2019.06.20-20.32.44:731][130]LogModuleManager: Shutting down and abandoning module TextureFormatDXT (113)
[2019.06.20-20.32.44:740][130]LogModuleManager: Shutting down and abandoning module TextureFormatIntelISPCTexComp (111)
[2019.06.20-20.32.44:748][130]LogModuleManager: Shutting down and abandoning module TextureFormatASTC (109)
[2019.06.20-20.32.44:748][130]LogModuleManager: Shutting down and abandoning module ImageWrapper (108)
[2019.06.20-20.32.44:748][130]LogModuleManager: Shutting down and abandoning module TextureFormatAndroid (105)
[2019.06.20-20.32.44:748][130]LogModuleManager: Shutting down and abandoning module AudioFormatOpus (103)
[2019.06.20-20.32.44:748][130]LogModuleManager: Shutting down and abandoning module AudioFormatOgg (101)
[2019.06.20-20.32.44:748][130]LogModuleManager: Shutting down and abandoning module AudioFormatADPCM (99)
[2019.06.20-20.32.44:748][130]LogModuleManager: Shutting down and abandoning module WindowsTargetPlatform (97)
[2019.06.20-20.32.44:748][130]LogModuleManager: Shutting down and abandoning module WindowsServerTargetPlatform (95)
[2019.06.20-20.32.44:748][130]LogModuleManager: Shutting down and abandoning module WindowsNoEditorTargetPlatform (93)
[2019.06.20-20.32.44:748][130]LogModuleManager: Shutting down and abandoning module WindowsClientTargetPlatform (91)
[2019.06.20-20.32.44:748][130]LogModuleManager: Shutting down and abandoning module InputCore (88)
[2019.06.20-20.32.44:748][130]LogModuleManager: Shutting down and abandoning module Settings (86)
[2019.06.20-20.32.44:748][130]LogModuleManager: Shutting down and abandoning module PhysXCooking (84)
[2019.06.20-20.32.44:748][130]LogModuleManager: Shutting down and abandoning module SteamVR (82)
[2019.06.20-20.32.44:749][130]LogModuleManager: Shutting down and abandoning module OculusHMD (80)
[2019.06.20-20.32.44:761][130]LogModuleManager: Shutting down and abandoning module ExampleDeviceProfileSelector (78)
[2019.06.20-20.32.44:761][130]LogModuleManager: Shutting down and abandoning module LauncherChunkInstaller (76)
[2019.06.20-20.32.44:761][130]LogModuleManager: Shutting down and abandoning module OnlineBlueprintSupport (74)
[2019.06.20-20.32.44:761][130]LogModuleManager: Shutting down and abandoning module OnlineSubsystem (70)
[2019.06.20-20.32.44:776][130]LogModuleManager: Shutting down and abandoning module XMPP (65)
[2019.06.20-20.32.44:848][130]LogModuleManager: Shutting down and abandoning module WebSockets (64)
[2019.06.20-20.32.44:873][130]LogModuleManager: Shutting down and abandoning module HTTP (61)
[2019.06.20-20.32.44:939][130]LogModuleManager: Shutting down and abandoning module SSL (60)
[2019.06.20-20.32.44:948][130]LogModuleManager: Shutting down and abandoning module MagicLeapEmulator (56)
[2019.06.20-20.32.44:948][130]LogModuleManager: Shutting down and abandoning module MagicLeapPrivileges (54)
[2019.06.20-20.32.44:948][130]LogModuleManager: Shutting down and abandoning module MagicLeapIdentity (52)
[2019.06.20-20.32.44:948][130]LogModuleManager: Shutting down and abandoning module MagicLeapHelperVulkan (50)
[2019.06.20-20.32.44:948][130]LogModuleManager: Shutting down and abandoning module MagicLeapHelperOpenGL (48)
[2019.06.20-20.32.44:948][130]LogModuleManager: Shutting down and abandoning module MagicLeapSecureStorage (46)
[2019.06.20-20.32.44:948][130]LogModuleManager: Shutting down and abandoning module MagicLeapGestures (44)
[2019.06.20-20.32.44:948][130]LogModuleManager: Shutting down and abandoning module MagicLeapEyeTracker (42)
[2019.06.20-20.32.44:948][130]LogModuleManager: Shutting down and abandoning module MagicLeapController (40)
[2019.06.20-20.32.44:948][130]LogSlate: Slate User Destroyed.  User Index 0, Is Virtual User: 0
[2019.06.20-20.32.44:948][130]LogModuleManager: Shutting down and abandoning module MagicLeap (38)
[2019.06.20-20.32.44:948][130]LogModuleManager: Shutting down and abandoning module AnimationModifiers (36)
[2019.06.20-20.32.44:990][130]LogModuleManager: Shutting down and abandoning module PropertyEditor (35)
[2019.06.20-20.32.45:000][130]LogModuleManager: Shutting down and abandoning module AudioEditor (32)
[2019.06.20-20.32.45:035][130]LogModuleManager: Shutting down and abandoning module TextureCompressor (30)
[2019.06.20-20.32.45:047][130]LogModuleManager: Shutting down and abandoning module ShaderCore (28)
[2019.06.20-20.32.45:047][130]LogModuleManager: Shutting down and abandoning module Landscape (26)
[2019.06.20-20.32.45:047][130]LogModuleManager: Shutting down and abandoning module SlateRHIRenderer (24)
[2019.06.20-20.32.45:067][130]LogModuleManager: Shutting down and abandoning module OpenGLDrv (22)
[2019.06.20-20.32.45:076][130]LogModuleManager: Shutting down and abandoning module D3D11RHI (20)
[2019.06.20-20.32.45:076][130]LogModuleManager: Shutting down and abandoning module AnimGraphRuntime (18)
[2019.06.20-20.32.45:081][130]LogModuleManager: Shutting down and abandoning module Renderer (16)
[2019.06.20-20.32.45:081][130]LogModuleManager: Shutting down and abandoning module Engine (14)
[2019.06.20-20.32.45:081][130]LogModuleManager: Shutting down and abandoning module CoreUObject (12)
[2019.06.20-20.32.45:081][130]LogModuleManager: Shutting down and abandoning module NetworkFile (10)
[2019.06.20-20.32.45:092][130]LogModuleManager: Shutting down and abandoning module CookedIterativeFile (8)
[2019.06.20-20.32.45:092][130]LogModuleManager: Shutting down and abandoning module StreamingFile (6)
[2019.06.20-20.32.45:102][130]LogModuleManager: Shutting down and abandoning module SandboxFile (4)
[2019.06.20-20.32.45:102][130]LogModuleManager: Shutting down and abandoning module PakFile (2)
[2019.06.20-20.32.45:124][130]LogExit: Exiting.
[2019.06.20-20.32.45:134][130]Log file closed, 06/20/19 21:32:45
